{"logTime": "0523/170100", "correlationVector":"YL9mOa3wRu8jq2NGWiX826.177","action":"GetUpdates", "result":"DeleteReceived", "context":{"id":"8513092e-b1a2-44bd-8dcb-2b89dcd51876", "isDeleted:":"true", "version":"1715521662977"}}
{"logTime": "0523/170100", "correlationVector":"YL9mOa3wRu8jq2NGWiX826.178","action":"GetUpdates Response", "result":"Success", "context":Received 250 update(s). cV=YL9mOa3wRu8jq2NGWiX826.0;server=general0300003J;cloudType=Consumer;environment=Prod_SoutheastAsia_000j;migrationStage=NotStarted Some updates remain.}
{"logTime": "0523/170100", "correlationVector":"82jKguz2EQkU7ILEkjtbXI","action":"Initial GetUpdates", "result":"", "context":Reason: NEWLY_SUPPORTED_DATATYPE. cV=82jKguz2EQkU7ILEkjtbXI}
{"logTime": "0523/170101", "correlationVector":"82jKguz2EQkU7ILEkjtbXI.1","action":"SyncServerConnectionManagerRequest", "result":"SYNC_SERVER_OK", "context":{"environment":"Prod_SoutheastAsia_000j", "migrationStage":"NotStarted", "server":"GENERAL0300002G"}}
{"logTime": "0523/170101", "correlationVector":"82jKguz2EQkU7ILEkjtbXI.2","action":"GetUpdates", "result":"DeleteReceived", "context":{"id":"f256045a-56db-4c47-803b-9d4754bad387", "isDeleted:":"true", "version":"1715521662978"}}
{"logTime": "0523/170101", "correlationVector":"82jKguz2EQkU7ILEkjtbXI.3","action":"GetUpdates", "result":"DeleteReceived", "context":{"id":"1ff6f790-7054-4bd5-b629-6fb2e4860722", "isDeleted:":"true", "version":"1715521916723"}}
{"logTime": "0523/170101", "correlationVector":"82jKguz2EQkU7ILEkjtbXI.4","action":"GetUpdates", "result":"DeleteReceived", "context":{"id":"918c0962-c203-43e0-a5b5-d9fb5ab1b4fb", "isDeleted:":"true", "version":"1715524039170"}}
{"logTime": "0523/170101", "correlationVector":"82jKguz2EQkU7ILEkjtbXI.5","action":"GetUpdates", "result":"DeleteReceived", "context":{"id":"3c86df01-df95-48b2-abed-b25945609ba6", "isDeleted:":"true", "version":"1715607528591"}}
{"logTime": "0523/170101", "correlationVector":"82jKguz2EQkU7ILEkjtbXI.6","action":"GetUpdates", "result":"DeleteReceived", "context":{"id":"1da13544-7aae-42f2-ab3b-613b0ebf229f", "isDeleted:":"true", "version":"1715607528592"}}
{"logTime": "0523/170101", "correlationVector":"82jKguz2EQkU7ILEkjtbXI.7","action":"GetUpdates", "result":"DeleteReceived", "context":{"id":"cbf2eead-e7a0-4a05-ac01-f67fdfa787c3", "isDeleted:":"true", "version":"1715607528594"}}
{"logTime": "0523/170101", "correlationVector":"82jKguz2EQkU7ILEkjtbXI.8","action":"GetUpdates", "result":"DeleteReceived", "context":{"id":"d0b641fa-d219-437f-b0d0-2a73341cf825", "isDeleted:":"true", "version":"1715607528595"}}
{"logTime": "0523/170101", "correlationVector":"82jKguz2EQkU7ILEkjtbXI.9","action":"GetUpdates", "result":"DeleteReceived", "context":{"id":"29bdad32-f1ba-4891-9da5-0444c818ef81", "isDeleted:":"true", "version":"1715607528596"}}
{"logTime": "0523/170101", "correlationVector":"82jKguz2EQkU7ILEkjtbXI.10","action":"GetUpdates", "result":"DeleteReceived", "context":{"id":"27d2ed2f-6a64-4ada-91ce-115aa951ecf0", "isDeleted:":"true", "version":"1715607528597"}}
{"logTime": "0523/170101", "correlationVector":"82jKguz2EQkU7ILEkjtbXI.11","action":"GetUpdates", "result":"DeleteReceived", "context":{"id":"718caf36-b1ab-4db7-a24c-b0ed7b8f7871", "isDeleted:":"true", "version":"1715607528598"}}
{"logTime": "0523/170101", "correlationVector":"82jKguz2EQkU7ILEkjtbXI.12","action":"GetUpdates", "result":"DeleteReceived", "context":{"id":"4d4ca8a2-08b4-4961-a071-497e6e9bf3c3", "isDeleted:":"true", "version":"1715607528599"}}
{"logTime": "0523/170101", "correlationVector":"82jKguz2EQkU7ILEkjtbXI.13","action":"GetUpdates", "result":"DeleteReceived", "context":{"id":"fb5e37b3-5280-4f44-958d-b1a81ce035e0", "isDeleted:":"true", "version":"1715607529134"}}
{"logTime": "0523/170101", "correlationVector":"82jKguz2EQkU7ILEkjtbXI.14","action":"GetUpdates", "result":"DeleteReceived", "context":{"id":"f00e5231-59b8-4b42-8c7e-1a40d67361aa", "isDeleted:":"true", "version":"1715607529136"}}
{"logTime": "0523/170101", "correlationVector":"82jKguz2EQkU7ILEkjtbXI.15","action":"GetUpdates", "result":"DeleteReceived", "context":{"id":"0b1b7d81-a415-418a-93c9-82a08e9e6e20", "isDeleted:":"true", "version":"1715608662210"}}
{"logTime": "0523/170101", "correlationVector":"82jKguz2EQkU7ILEkjtbXI.16","action":"GetUpdates", "result":"DeleteReceived", "context":{"id":"97b6af8f-3071-4eef-89d3-7132c38a1e22", "isDeleted:":"true", "version":"1715608662211"}}
{"logTime": "0523/170101", "correlationVector":"82jKguz2EQkU7ILEkjtbXI.17","action":"GetUpdates", "result":"DeleteReceived", "context":{"id":"867b56ce-b2d2-4ef7-87f1-ce92e18ccdc1", "isDeleted:":"true", "version":"1715609158980"}}
{"logTime": "0523/170101", "correlationVector":"82jKguz2EQkU7ILEkjtbXI.18","action":"GetUpdates", "result":"DeleteReceived", "context":{"id":"812d9931-8a35-446d-befe-56f992bc1ff6", "isDeleted:":"true", "version":"1715609227792"}}
{"logTime": "0523/170101", "correlationVector":"82jKguz2EQkU7ILEkjtbXI.19","action":"GetUpdates", "result":"DeleteReceived", "context":{"id":"24d248c1-6770-4015-a7ea-1add6f338e5e", "isDeleted:":"true", "version":"1715609604638"}}
{"logTime": "0523/170101", "correlationVector":"82jKguz2EQkU7ILEkjtbXI.20","action":"GetUpdates", "result":"DeleteReceived", "context":{"id":"f36a7b8b-ed7e-4a86-94dc-86f2533139a0", "isDeleted:":"true", "version":"1715687932356"}}
{"logTime": "0523/170101", "correlationVector":"82jKguz2EQkU7ILEkjtbXI.21","action":"GetUpdates", "result":"DeleteReceived", "context":{"id":"a0c839b7-d2d2-49d0-bc05-d8859f5601c0", "isDeleted:":"true", "version":"1715700596978"}}
{"logTime": "0523/170101", "correlationVector":"82jKguz2EQkU7ILEkjtbXI.22","action":"GetUpdates", "result":"DeleteReceived", "context":{"id":"96f0a46b-314a-4321-b900-4715596da451", "isDeleted:":"true", "version":"1715700596980"}}
{"logTime": "0523/170101", "correlationVector":"82jKguz2EQkU7ILEkjtbXI.23","action":"GetUpdates", "result":"DeleteReceived", "context":{"id":"56e5a2c4-7375-4cad-a5c6-6c16e922d57a", "isDeleted:":"true", "version":"1715701570438"}}
{"logTime": "0523/170101", "correlationVector":"82jKguz2EQkU7ILEkjtbXI.24","action":"GetUpdates", "result":"DeleteReceived", "context":{"id":"c333d32c-e237-4543-8c56-1793c4f88bab", "isDeleted:":"true", "version":"1715701875326"}}
{"logTime": "0523/170101", "correlationVector":"82jKguz2EQkU7ILEkjtbXI.25","action":"GetUpdates", "result":"DeleteReceived", "context":{"id":"ed7dc3ba-84eb-40c7-bde4-92956cdba3f6", "isDeleted:":"true", "version":"1715702056182"}}
{"logTime": "0523/170101", "correlationVector":"82jKguz2EQkU7ILEkjtbXI.26","action":"GetUpdates", "result":"DeleteReceived", "context":{"id":"8693990d-bfd8-499a-a96d-81319b484ebf", "isDeleted:":"true", "version":"1715702056183"}}
{"logTime": "0523/170101", "correlationVector":"82jKguz2EQkU7ILEkjtbXI.27","action":"GetUpdates", "result":"DeleteReceived", "context":{"id":"b2be66a5-cc32-4bb2-a118-470c3407a73b", "isDeleted:":"true", "version":"1715702056184"}}
{"logTime": "0523/170101", "correlationVector":"82jKguz2EQkU7ILEkjtbXI.28","action":"GetUpdates", "result":"DeleteReceived", "context":{"id":"db0360e4-787f-4e09-82f8-fd587823cc45", "isDeleted:":"true", "version":"1715702056185"}}
{"logTime": "0523/170101", "correlationVector":"82jKguz2EQkU7ILEkjtbXI.29","action":"GetUpdates", "result":"DeleteReceived", "context":{"id":"8931541e-039b-40d6-a2f4-d248be4981ef", "isDeleted:":"true", "version":"1715702056186"}}
{"logTime": "0523/170101", "correlationVector":"82jKguz2EQkU7ILEkjtbXI.30","action":"GetUpdates", "result":"DeleteReceived", "context":{"id":"08bac3b0-030a-46e6-b1fc-34695cf4bc30", "isDeleted:":"true", "version":"1715702056187"}}
{"logTime": "0523/170101", "correlationVector":"82jKguz2EQkU7ILEkjtbXI.31","action":"GetUpdates", "result":"DeleteReceived", "context":{"id":"b1acbb0c-3426-4401-932f-c6d5f50b7899", "isDeleted:":"true", "version":"1715702056188"}}
{"logTime": "0523/170101", "correlationVector":"82jKguz2EQkU7ILEkjtbXI.32","action":"GetUpdates", "result":"DeleteReceived", "context":{"id":"b6d67ccf-bdc7-4fd5-990e-ce333b65ba79", "isDeleted:":"true", "version":"1715705066218"}}
{"logTime": "0523/170101", "correlationVector":"82jKguz2EQkU7ILEkjtbXI.33","action":"GetUpdates", "result":"DeleteReceived", "context":{"id":"5a7445c0-d9d8-43b0-95d7-5aee6facfe5f", "isDeleted:":"true", "version":"1715705066220"}}
{"logTime": "0523/170101", "correlationVector":"82jKguz2EQkU7ILEkjtbXI.34","action":"GetUpdates", "result":"DeleteReceived", "context":{"id":"3cab538a-047c-4a55-aeb9-02c8ec4a7dd3", "isDeleted:":"true", "version":"1715705066221"}}
{"logTime": "0523/170101", "correlationVector":"82jKguz2EQkU7ILEkjtbXI.35","action":"GetUpdates", "result":"DeleteReceived", "context":{"id":"7e530dc8-6f7e-44de-9201-b4ab4beb8543", "isDeleted:":"true", "version":"1715705416329"}}
{"logTime": "0523/170101", "correlationVector":"82jKguz2EQkU7ILEkjtbXI.36","action":"GetUpdates", "result":"DeleteReceived", "context":{"id":"6e4931cd-93d8-404c-be63-5d39bf044a62", "isDeleted:":"true", "version":"1715705416331"}}
{"logTime": "0523/170101", "correlationVector":"82jKguz2EQkU7ILEkjtbXI.37","action":"GetUpdates", "result":"DeleteReceived", "context":{"id":"efc9c75b-7605-418f-9e52-7406a54b2715", "isDeleted:":"true", "version":"1715706302077"}}
{"logTime": "0523/170101", "correlationVector":"82jKguz2EQkU7ILEkjtbXI.38","action":"GetUpdates", "result":"DeleteReceived", "context":{"id":"1324202a-df06-4d65-bce7-bce23b392586", "isDeleted:":"true", "version":"1715706302078"}}
{"logTime": "0523/170101", "correlationVector":"82jKguz2EQkU7ILEkjtbXI.39","action":"GetUpdates", "result":"DeleteReceived", "context":{"id":"e98d0024-1791-4f0f-8547-518b4c594b6f", "isDeleted:":"true", "version":"1715706302079"}}
{"logTime": "0523/170101", "correlationVector":"82jKguz2EQkU7ILEkjtbXI.40","action":"GetUpdates", "result":"DeleteReceived", "context":{"id":"4c078c3f-ba0c-4dc2-ab2a-83cfc4440c0f", "isDeleted:":"true", "version":"1715706302080"}}
{"logTime": "0523/170101", "correlationVector":"82jKguz2EQkU7ILEkjtbXI.41","action":"GetUpdates", "result":"DeleteReceived", "context":{"id":"d940efe0-3a16-43f2-b0bf-8cc1361a975a", "isDeleted:":"true", "version":"1715708345431"}}
{"logTime": "0523/170101", "correlationVector":"82jKguz2EQkU7ILEkjtbXI.42","action":"GetUpdates", "result":"DeleteReceived", "context":{"id":"e7694119-4d12-44ac-93e4-c8ae106d4633", "isDeleted:":"true", "version":"1715708345432"}}
{"logTime": "0523/170101", "correlationVector":"82jKguz2EQkU7ILEkjtbXI.43","action":"GetUpdates", "result":"DeleteReceived", "context":{"id":"e140faf9-29ba-4f4d-8fbd-699b18aa683b", "isDeleted:":"true", "version":"1715708345433"}}
{"logTime": "0523/170101", "correlationVector":"82jKguz2EQkU7ILEkjtbXI.44","action":"GetUpdates", "result":"DeleteReceived", "context":{"id":"0bed8d8f-707f-4a4d-b589-b78d02f566bb", "isDeleted:":"true", "version":"1715708391085"}}
{"logTime": "0523/170101", "correlationVector":"82jKguz2EQkU7ILEkjtbXI.45","action":"GetUpdates", "result":"DeleteReceived", "context":{"id":"c8125742-b273-4660-921c-62136814febd", "isDeleted:":"true", "version":"1715708391087"}}
{"logTime": "0523/170101", "correlationVector":"82jKguz2EQkU7ILEkjtbXI.46","action":"GetUpdates", "result":"DeleteReceived", "context":{"id":"2ea2dcda-9bbe-446a-bb2d-ae706a8fd39b", "isDeleted:":"true", "version":"1715708391088"}}
{"logTime": "0523/170101", "correlationVector":"82jKguz2EQkU7ILEkjtbXI.47","action":"GetUpdates", "result":"DeleteReceived", "context":{"id":"3e2f5282-d4c5-4d2b-8614-6bf0e2fa9b7d", "isDeleted:":"true", "version":"1715709971455"}}
{"logTime": "0523/170101", "correlationVector":"82jKguz2EQkU7ILEkjtbXI.48","action":"GetUpdates", "result":"DeleteReceived", "context":{"id":"b21e3f39-aac1-42e5-8afc-c3c1ba60a49d", "isDeleted:":"true", "version":"1715709971457"}}
{"logTime": "0523/170101", "correlationVector":"82jKguz2EQkU7ILEkjtbXI.49","action":"GetUpdates", "result":"DeleteReceived", "context":{"id":"504663b5-951c-416c-ad8e-09362b481720", "isDeleted:":"true", "version":"1715710074816"}}
{"logTime": "0523/170101", "correlationVector":"82jKguz2EQkU7ILEkjtbXI.50","action":"GetUpdates", "result":"DeleteReceived", "context":{"id":"2c0b1f7f-74f8-4658-a06e-02346f328b75", "isDeleted:":"true", "version":"1715733890441"}}
{"logTime": "0523/170101", "correlationVector":"82jKguz2EQkU7ILEkjtbXI.51","action":"GetUpdates", "result":"DeleteReceived", "context":{"id":"ae7f2482-ed48-4065-a784-250ddd913298", "isDeleted:":"true", "version":"1715733890443"}}
{"logTime": "0523/170101", "correlationVector":"82jKguz2EQkU7ILEkjtbXI.52","action":"GetUpdates", "result":"DeleteReceived", "context":{"id":"5308c2e0-6cda-49cf-be20-c6598b2d073a", "isDeleted:":"true", "version":"1715733890444"}}
{"logTime": "0523/170101", "correlationVector":"82jKguz2EQkU7ILEkjtbXI.53","action":"GetUpdates", "result":"DeleteReceived", "context":{"id":"7eebf5ec-8b78-43ea-979c-16234c083e93", "isDeleted:":"true", "version":"1715772705793"}}
{"logTime": "0523/170101", "correlationVector":"82jKguz2EQkU7ILEkjtbXI.54","action":"GetUpdates", "result":"DeleteReceived", "context":{"id":"232da592-b8b3-4050-b9a2-b9d2309ed68a", "isDeleted:":"true", "version":"1715773631131"}}
{"logTime": "0523/170101", "correlationVector":"82jKguz2EQkU7ILEkjtbXI.55","action":"GetUpdates", "result":"DeleteReceived", "context":{"id":"49a56a14-51f4-4366-9c3a-6d61ca8ebc50", "isDeleted:":"true", "version":"1715773631132"}}
{"logTime": "0523/170101", "correlationVector":"82jKguz2EQkU7ILEkjtbXI.56","action":"GetUpdates", "result":"DeleteReceived", "context":{"id":"03fdad46-eb73-4f3f-8a40-d0c7f3381959", "isDeleted:":"true", "version":"1715774660416"}}
{"logTime": "0523/170101", "correlationVector":"82jKguz2EQkU7ILEkjtbXI.57","action":"GetUpdates", "result":"DeleteReceived", "context":{"id":"859d92d3-5933-4584-ab8c-b6d73bd3b2b0", "isDeleted:":"true", "version":"1715774660417"}}
{"logTime": "0523/170101", "correlationVector":"82jKguz2EQkU7ILEkjtbXI.58","action":"GetUpdates", "result":"DeleteReceived", "context":{"id":"cf15ac47-3b8d-4f90-ba07-ffa38774f95f", "isDeleted:":"true", "version":"1715774752216"}}
{"logTime": "0523/170101", "correlationVector":"82jKguz2EQkU7ILEkjtbXI.59","action":"GetUpdates", "result":"DeleteReceived", "context":{"id":"6b24c63f-bf97-4c38-9ab3-15cbe5f21c2b", "isDeleted:":"true", "version":"1715796479568"}}
{"logTime": "0523/170101", "correlationVector":"82jKguz2EQkU7ILEkjtbXI.60","action":"GetUpdates", "result":"DeleteReceived", "context":{"id":"11746297-2fd5-436c-b9a6-6a71672e3ff2", "isDeleted:":"true", "version":"1715796500273"}}
{"logTime": "0523/170101", "correlationVector":"82jKguz2EQkU7ILEkjtbXI.61","action":"GetUpdates", "result":"DeleteReceived", "context":{"id":"cbc0f783-41e2-47e6-a0b1-551213b95876", "isDeleted:":"true", "version":"1715798181943"}}
{"logTime": "0523/170101", "correlationVector":"82jKguz2EQkU7ILEkjtbXI.62","action":"GetUpdates", "result":"DeleteReceived", "context":{"id":"e5963d25-886a-4d42-99c4-44336a44010b", "isDeleted:":"true", "version":"1715798191898"}}
{"logTime": "0523/170101", "correlationVector":"82jKguz2EQkU7ILEkjtbXI.63","action":"GetUpdates", "result":"DeleteReceived", "context":{"id":"7043d05a-e8f3-45d5-a2b5-94421eaa3060", "isDeleted:":"true", "version":"1715936697974"}}
{"logTime": "0523/170101", "correlationVector":"82jKguz2EQkU7ILEkjtbXI.64","action":"GetUpdates", "result":"DeleteReceived", "context":{"id":"42764a9c-7943-4a8d-8901-08701a9d868e", "isDeleted:":"true", "version":"1715936697976"}}
{"logTime": "0523/170101", "correlationVector":"82jKguz2EQkU7ILEkjtbXI.65","action":"GetUpdates", "result":"DeleteReceived", "context":{"id":"d6b4ee86-f2dd-4e7a-9175-06d8b83f9996", "isDeleted:":"true", "version":"1715947115596"}}
{"logTime": "0523/170101", "correlationVector":"82jKguz2EQkU7ILEkjtbXI.66","action":"GetUpdates", "result":"DeleteReceived", "context":{"id":"6fd96169-4dc1-416f-aebf-bcea7d676e79", "isDeleted:":"true", "version":"1715947115598"}}
{"logTime": "0523/170101", "correlationVector":"82jKguz2EQkU7ILEkjtbXI.67","action":"GetUpdates", "result":"DeleteReceived", "context":{"id":"ebdc9706-4bbb-4cc9-a792-981feb5636ea", "isDeleted:":"true", "version":"1715947115599"}}
{"logTime": "0523/170101", "correlationVector":"82jKguz2EQkU7ILEkjtbXI.68","action":"GetUpdates", "result":"DeleteReceived", "context":{"id":"effab9f5-f884-427d-a08b-5bf0e28bde87", "isDeleted:":"true", "version":"1715947115600"}}
{"logTime": "0523/170101", "correlationVector":"82jKguz2EQkU7ILEkjtbXI.69","action":"GetUpdates", "result":"DeleteReceived", "context":{"id":"52b0e406-50a7-4651-b333-5476a5e8e4e5", "isDeleted:":"true", "version":"1715947115601"}}
{"logTime": "0523/170101", "correlationVector":"82jKguz2EQkU7ILEkjtbXI.70","action":"GetUpdates", "result":"DeleteReceived", "context":{"id":"6455e692-0391-43a9-9bba-c6ee75ef2d7d", "isDeleted:":"true", "version":"1715947115602"}}
{"logTime": "0523/170101", "correlationVector":"82jKguz2EQkU7ILEkjtbXI.71","action":"GetUpdates", "result":"DeleteReceived", "context":{"id":"d3362859-80aa-410b-b06a-9e0de09e196c", "isDeleted:":"true", "version":"1715950269081"}}
{"logTime": "0523/170101", "correlationVector":"82jKguz2EQkU7ILEkjtbXI.72","action":"GetUpdates", "result":"DeleteReceived", "context":{"id":"c8f5e7b9-81e8-4412-a105-85cf03d5ebb3", "isDeleted:":"true", "version":"1715950472059"}}
{"logTime": "0523/170101", "correlationVector":"82jKguz2EQkU7ILEkjtbXI.73","action":"GetUpdates", "result":"DeleteReceived", "context":{"id":"92d4a4a6-ca70-4ef6-bcda-0900c2eba9ec", "isDeleted:":"true", "version":"1715950861585"}}
{"logTime": "0523/170101", "correlationVector":"82jKguz2EQkU7ILEkjtbXI.74","action":"GetUpdates", "result":"DeleteReceived", "context":{"id":"2b8bda8b-2143-4ca9-b8d1-20018ce820e3", "isDeleted:":"true", "version":"1715952504881"}}
{"logTime": "0523/170101", "correlationVector":"82jKguz2EQkU7ILEkjtbXI.75","action":"GetUpdates", "result":"DeleteReceived", "context":{"id":"d1752fb3-f335-4dc4-85d1-816a73d9330e", "isDeleted:":"true", "version":"1715952504882"}}
{"logTime": "0523/170101", "correlationVector":"82jKguz2EQkU7ILEkjtbXI.76","action":"GetUpdates", "result":"DeleteReceived", "context":{"id":"798d8f5a-dda7-48fd-ab5a-ace1cbd5b69f", "isDeleted:":"true", "version":"1715952504883"}}
{"logTime": "0523/170101", "correlationVector":"82jKguz2EQkU7ILEkjtbXI.77","action":"GetUpdates", "result":"DeleteReceived", "context":{"id":"cb51e32e-9262-424c-9e2f-809664abf1e2", "isDeleted:":"true", "version":"1715952504884"}}
{"logTime": "0523/170101", "correlationVector":"82jKguz2EQkU7ILEkjtbXI.78","action":"GetUpdates", "result":"DeleteReceived", "context":{"id":"d9286474-7ef0-406a-9d14-01dc0cf366dc", "isDeleted:":"true", "version":"1715952504885"}}
{"logTime": "0523/170101", "correlationVector":"82jKguz2EQkU7ILEkjtbXI.79","action":"GetUpdates", "result":"DeleteReceived", "context":{"id":"fcd6143f-7bd2-4b16-b064-198258ef8899", "isDeleted:":"true", "version":"1715952504886"}}
{"logTime": "0523/170101", "correlationVector":"82jKguz2EQkU7ILEkjtbXI.80","action":"GetUpdates", "result":"DeleteReceived", "context":{"id":"ace7b983-2769-4c2c-8ede-1d8b3e103112", "isDeleted:":"true", "version":"1715952504887"}}
{"logTime": "0523/170101", "correlationVector":"82jKguz2EQkU7ILEkjtbXI.81","action":"GetUpdates", "result":"DeleteReceived", "context":{"id":"4755c8c6-8212-4cac-8791-5ac1370a39ea", "isDeleted:":"true", "version":"1715952504888"}}
{"logTime": "0523/170101", "correlationVector":"82jKguz2EQkU7ILEkjtbXI.82","action":"GetUpdates", "result":"DeleteReceived", "context":{"id":"d2526796-6d90-41d7-b180-461232f3ce07", "isDeleted:":"true", "version":"1715952504889"}}
{"logTime": "0523/170101", "correlationVector":"82jKguz2EQkU7ILEkjtbXI.83","action":"GetUpdates", "result":"DeleteReceived", "context":{"id":"42e2305e-eaae-4bf3-a6e2-e7288a663257", "isDeleted:":"true", "version":"1715952504890"}}
{"logTime": "0523/170101", "correlationVector":"82jKguz2EQkU7ILEkjtbXI.84","action":"GetUpdates", "result":"DeleteReceived", "context":{"id":"8f8ad2b6-0995-46da-8262-73aef5f4fa96", "isDeleted:":"true", "version":"1715952504891"}}
{"logTime": "0523/170101", "correlationVector":"82jKguz2EQkU7ILEkjtbXI.85","action":"GetUpdates", "result":"DeleteReceived", "context":{"id":"3cfe8041-ac21-4925-b90a-ef4ad190fd33", "isDeleted:":"true", "version":"1715952504892"}}
{"logTime": "0523/170101", "correlationVector":"82jKguz2EQkU7ILEkjtbXI.86","action":"GetUpdates", "result":"DeleteReceived", "context":{"id":"3ab8407a-eb8e-4526-9310-06564af98310", "isDeleted:":"true", "version":"1715952504893"}}
{"logTime": "0523/170101", "correlationVector":"82jKguz2EQkU7ILEkjtbXI.87","action":"GetUpdates", "result":"DeleteReceived", "context":{"id":"46c04783-104d-44c5-ba41-20969420f542", "isDeleted:":"true", "version":"1715953056831"}}
{"logTime": "0523/170101", "correlationVector":"82jKguz2EQkU7ILEkjtbXI.88","action":"GetUpdates", "result":"DeleteReceived", "context":{"id":"a08ade7d-ac89-40c0-a42f-d1f439008087", "isDeleted:":"true", "version":"1715955941414"}}
{"logTime": "0523/170101", "correlationVector":"82jKguz2EQkU7ILEkjtbXI.89","action":"GetUpdates", "result":"DeleteReceived", "context":{"id":"40383504-f780-4072-851c-5304f3afb26a", "isDeleted:":"true", "version":"1715956206533"}}
{"logTime": "0523/170101", "correlationVector":"82jKguz2EQkU7ILEkjtbXI.90","action":"GetUpdates", "result":"DeleteReceived", "context":{"id":"d710dd1f-a720-4623-ab6b-4e4d88600c72", "isDeleted:":"true", "version":"1715956206536"}}
{"logTime": "0523/170101", "correlationVector":"82jKguz2EQkU7ILEkjtbXI.91","action":"GetUpdates", "result":"DeleteReceived", "context":{"id":"8b66f6fc-fb4a-491f-9188-455f520cd03b", "isDeleted:":"true", "version":"1715956206537"}}
{"logTime": "0523/170101", "correlationVector":"82jKguz2EQkU7ILEkjtbXI.92","action":"GetUpdates", "result":"DeleteReceived", "context":{"id":"0ad04d99-6a03-41ac-bfea-6b98c3738771", "isDeleted:":"true", "version":"1715956206538"}}
{"logTime": "0523/170101", "correlationVector":"82jKguz2EQkU7ILEkjtbXI.93","action":"GetUpdates", "result":"DeleteReceived", "context":{"id":"94897d92-843c-4496-bf1e-33e196f6ae04", "isDeleted:":"true", "version":"1715961458935"}}
{"logTime": "0523/170101", "correlationVector":"82jKguz2EQkU7ILEkjtbXI.94","action":"GetUpdates", "result":"DeleteReceived", "context":{"id":"8d5fcba4-5e32-4964-a43b-a43feba2417d", "isDeleted:":"true", "version":"1715963239841"}}
{"logTime": "0523/170101", "correlationVector":"82jKguz2EQkU7ILEkjtbXI.95","action":"GetUpdates", "result":"DeleteReceived", "context":{"id":"c71a6494-7b5d-412d-b671-7faa00c44b8f", "isDeleted:":"true", "version":"1715963239842"}}
{"logTime": "0523/170101", "correlationVector":"82jKguz2EQkU7ILEkjtbXI.96","action":"GetUpdates", "result":"DeleteReceived", "context":{"id":"7f5a88d3-7570-4ae2-9432-ff42a1dda687", "isDeleted:":"true", "version":"1715963239843"}}
{"logTime": "0523/170101", "correlationVector":"82jKguz2EQkU7ILEkjtbXI.97","action":"GetUpdates", "result":"DeleteReceived", "context":{"id":"819e7712-3afc-4432-a290-a28fe9ec673f", "isDeleted:":"true", "version":"1715963755982"}}
{"logTime": "0523/170101", "correlationVector":"82jKguz2EQkU7ILEkjtbXI.98","action":"GetUpdates", "result":"DeleteReceived", "context":{"id":"72399a6f-4209-474c-9843-f18dbe12ca09", "isDeleted:":"true", "version":"1715968256978"}}
{"logTime": "0523/170101", "correlationVector":"82jKguz2EQkU7ILEkjtbXI.99","action":"GetUpdates", "result":"DeleteReceived", "context":{"id":"b104c043-97c1-4856-b9bd-e7a89d78a636", "isDeleted:":"true", "version":"1715968256980"}}
{"logTime": "0523/170101", "correlationVector":"82jKguz2EQkU7ILEkjtbXI.100","action":"GetUpdates", "result":"DeleteReceived", "context":{"id":"5e4dda75-aec8-4249-ba9a-758400e8fde5", "isDeleted:":"true", "version":"1715968256981"}}
{"logTime": "0523/170101", "correlationVector":"82jKguz2EQkU7ILEkjtbXI.101","action":"GetUpdates", "result":"DeleteReceived", "context":{"id":"4f972902-ed34-4834-b679-3f4100c8af13", "isDeleted:":"true", "version":"1715968256982"}}
{"logTime": "0523/170101", "correlationVector":"82jKguz2EQkU7ILEkjtbXI.102","action":"GetUpdates", "result":"DeleteReceived", "context":{"id":"0bb349b0-8846-45ad-9f80-bf1e2e0077b9", "isDeleted:":"true", "version":"1715969848611"}}
{"logTime": "0523/170101", "correlationVector":"82jKguz2EQkU7ILEkjtbXI.103","action":"GetUpdates", "result":"DeleteReceived", "context":{"id":"bccd5879-141d-402e-9447-6ab1a81947cc", "isDeleted:":"true", "version":"1715971929039"}}
{"logTime": "0523/170101", "correlationVector":"82jKguz2EQkU7ILEkjtbXI.104","action":"GetUpdates", "result":"DeleteReceived", "context":{"id":"4eab4c29-9c0e-4916-9a4e-6d3eab192957", "isDeleted:":"true", "version":"1716027616605"}}
{"logTime": "0523/170101", "correlationVector":"82jKguz2EQkU7ILEkjtbXI.105","action":"GetUpdates", "result":"DeleteReceived", "context":{"id":"e953681e-2c05-4f69-a7be-651c060264df", "isDeleted:":"true", "version":"1716027616607"}}
{"logTime": "0523/170101", "correlationVector":"82jKguz2EQkU7ILEkjtbXI.106","action":"GetUpdates", "result":"DeleteReceived", "context":{"id":"3193c38d-03b9-43e5-b44a-91751e55d872", "isDeleted:":"true", "version":"1716027616608"}}
{"logTime": "0523/170101", "correlationVector":"82jKguz2EQkU7ILEkjtbXI.107","action":"GetUpdates", "result":"DeleteReceived", "context":{"id":"42898557-e1cf-4c67-b59c-b00298c70618", "isDeleted:":"true", "version":"1716027616609"}}
{"logTime": "0523/170101", "correlationVector":"82jKguz2EQkU7ILEkjtbXI.108","action":"GetUpdates", "result":"DeleteReceived", "context":{"id":"31fc29f6-4104-48bd-8eeb-eecbd83b73ae", "isDeleted:":"true", "version":"1716027616610"}}
{"logTime": "0523/170101", "correlationVector":"82jKguz2EQkU7ILEkjtbXI.109","action":"GetUpdates", "result":"DeleteReceived", "context":{"id":"58c4e7c4-b837-4986-9a4a-5e4bf9419253", "isDeleted:":"true", "version":"1716028262594"}}
{"logTime": "0523/170101", "correlationVector":"82jKguz2EQkU7ILEkjtbXI.110","action":"GetUpdates", "result":"DeleteReceived", "context":{"id":"6f1da45c-d910-4604-8088-306ba0ef26d5", "isDeleted:":"true", "version":"1716031432337"}}
{"logTime": "0523/170101", "correlationVector":"82jKguz2EQkU7ILEkjtbXI.111","action":"GetUpdates", "result":"DeleteReceived", "context":{"id":"a1ab6c2c-3906-4b50-a22a-e6276abeced1", "isDeleted:":"true", "version":"1716031432339"}}
{"logTime": "0523/170101", "correlationVector":"82jKguz2EQkU7ILEkjtbXI.112","action":"GetUpdates", "result":"DeleteReceived", "context":{"id":"8e81886a-4d1f-43f2-8f3d-f3b92259c2b8", "isDeleted:":"true", "version":"1716031432340"}}
{"logTime": "0523/170101", "correlationVector":"82jKguz2EQkU7ILEkjtbXI.113","action":"GetUpdates", "result":"DeleteReceived", "context":{"id":"53b6e6aa-f5ba-4f2f-8aa9-c0a4c32af51b", "isDeleted:":"true", "version":"1716031432341"}}
{"logTime": "0523/170101", "correlationVector":"82jKguz2EQkU7ILEkjtbXI.114","action":"GetUpdates", "result":"DeleteReceived", "context":{"id":"241c2670-3203-44fa-8e3c-1dd937224a58", "isDeleted:":"true", "version":"1716031432342"}}
{"logTime": "0523/170101", "correlationVector":"82jKguz2EQkU7ILEkjtbXI.115","action":"GetUpdates", "result":"DeleteReceived", "context":{"id":"2a0ef980-b271-46ac-a7ad-d01bc527efa2", "isDeleted:":"true", "version":"1716035468652"}}
{"logTime": "0523/170101", "correlationVector":"82jKguz2EQkU7ILEkjtbXI.116","action":"GetUpdates", "result":"DeleteReceived", "context":{"id":"b9f0dc4c-4e5c-43fb-afb0-6777dcac214e", "isDeleted:":"true", "version":"1716036520553"}}
{"logTime": "0523/170101", "correlationVector":"82jKguz2EQkU7ILEkjtbXI.117","action":"GetUpdates", "result":"DeleteReceived", "context":{"id":"8da8ae22-5e54-496a-89c1-4425b975bef5", "isDeleted:":"true", "version":"1716036520554"}}
{"logTime": "0523/170101", "correlationVector":"82jKguz2EQkU7ILEkjtbXI.118","action":"GetUpdates", "result":"DeleteReceived", "context":{"id":"a2d0f735-9061-4609-9194-51322a5cccd7", "isDeleted:":"true", "version":"1716036520555"}}
{"logTime": "0523/170101", "correlationVector":"82jKguz2EQkU7ILEkjtbXI.119","action":"GetUpdates", "result":"DeleteReceived", "context":{"id":"047175ff-2c12-447b-b927-1b117f610597", "isDeleted:":"true", "version":"1716046170501"}}
{"logTime": "0523/170101", "correlationVector":"82jKguz2EQkU7ILEkjtbXI.120","action":"GetUpdates", "result":"DeleteReceived", "context":{"id":"db50ab16-a027-4774-a33b-4cbb59844e5c", "isDeleted:":"true", "version":"1716046170503"}}
{"logTime": "0523/170101", "correlationVector":"82jKguz2EQkU7ILEkjtbXI.121","action":"GetUpdates", "result":"DeleteReceived", "context":{"id":"4a8a2617-92c6-4b89-9f3d-c2012cb5bd9a", "isDeleted:":"true", "version":"1716046170504"}}
{"logTime": "0523/170101", "correlationVector":"82jKguz2EQkU7ILEkjtbXI.122","action":"GetUpdates", "result":"DeleteReceived", "context":{"id":"8b326d1c-451f-4339-a41d-1eadc7f39853", "isDeleted:":"true", "version":"1716046170505"}}
{"logTime": "0523/170101", "correlationVector":"82jKguz2EQkU7ILEkjtbXI.123","action":"GetUpdates", "result":"DeleteReceived", "context":{"id":"16d03587-5182-427e-9c6e-64354f7c7b21", "isDeleted:":"true", "version":"1716046170506"}}
{"logTime": "0523/170101", "correlationVector":"82jKguz2EQkU7ILEkjtbXI.124","action":"GetUpdates", "result":"DeleteReceived", "context":{"id":"c4c77a07-73ca-418f-8ef4-fbda397f8b32", "isDeleted:":"true", "version":"1716046170507"}}
{"logTime": "0523/170101", "correlationVector":"82jKguz2EQkU7ILEkjtbXI.125","action":"GetUpdates", "result":"DeleteReceived", "context":{"id":"3319324a-aa38-4097-9988-4f2a50c1df83", "isDeleted:":"true", "version":"1716046170508"}}
{"logTime": "0523/170101", "correlationVector":"82jKguz2EQkU7ILEkjtbXI.126","action":"GetUpdates", "result":"DeleteReceived", "context":{"id":"0cda469f-716f-4fa2-89d0-e64833375618", "isDeleted:":"true", "version":"1716046170509"}}
{"logTime": "0523/170101", "correlationVector":"82jKguz2EQkU7ILEkjtbXI.127","action":"GetUpdates", "result":"DeleteReceived", "context":{"id":"b3d1e610-2640-41db-8323-ee844471ee04", "isDeleted:":"true", "version":"1716046787014"}}
{"logTime": "0523/170101", "correlationVector":"82jKguz2EQkU7ILEkjtbXI.128","action":"GetUpdates", "result":"DeleteReceived", "context":{"id":"0748d79d-aa23-45d3-ba2e-62d10c62c42b", "isDeleted:":"true", "version":"1716046787016"}}
{"logTime": "0523/170101", "correlationVector":"82jKguz2EQkU7ILEkjtbXI.129","action":"GetUpdates", "result":"DeleteReceived", "context":{"id":"0730c6cc-1af7-4a20-bd4e-c5115e5a75cd", "isDeleted:":"true", "version":"1716046787017"}}
{"logTime": "0523/170101", "correlationVector":"82jKguz2EQkU7ILEkjtbXI.130","action":"GetUpdates", "result":"DeleteReceived", "context":{"id":"01a3e654-0f46-4f0c-aa47-3d7ffa0cbecd", "isDeleted:":"true", "version":"1716047910070"}}
{"logTime": "0523/170101", "correlationVector":"82jKguz2EQkU7ILEkjtbXI.131","action":"GetUpdates", "result":"DeleteReceived", "context":{"id":"d372a48b-a94b-4693-b949-d13bca520047", "isDeleted:":"true", "version":"1716047910072"}}
{"logTime": "0523/170101", "correlationVector":"82jKguz2EQkU7ILEkjtbXI.132","action":"GetUpdates", "result":"DeleteReceived", "context":{"id":"a1ebb481-72c3-4617-aad3-9c7b013dc472", "isDeleted:":"true", "version":"1716048318874"}}
{"logTime": "0523/170101", "correlationVector":"82jKguz2EQkU7ILEkjtbXI.133","action":"GetUpdates", "result":"DeleteReceived", "context":{"id":"4362ee90-c0dd-4dc3-9ac4-43d5a9a02df0", "isDeleted:":"true", "version":"1716048487402"}}
{"logTime": "0523/170101", "correlationVector":"82jKguz2EQkU7ILEkjtbXI.134","action":"GetUpdates", "result":"DeleteReceived", "context":{"id":"b04b6e7e-38d1-47a1-96f2-c90105d3fd74", "isDeleted:":"true", "version":"1716048521446"}}
{"logTime": "0523/170101", "correlationVector":"82jKguz2EQkU7ILEkjtbXI.135","action":"GetUpdates", "result":"DeleteReceived", "context":{"id":"5f8310c5-eddd-4845-b4d7-cc24ac7731ad", "isDeleted:":"true", "version":"1716048644614"}}
{"logTime": "0523/170101", "correlationVector":"82jKguz2EQkU7ILEkjtbXI.136","action":"GetUpdates", "result":"DeleteReceived", "context":{"id":"4ad69ec6-8f5b-42a2-9421-3fefbf33706f", "isDeleted:":"true", "version":"1716048644618"}}
{"logTime": "0523/170101", "correlationVector":"82jKguz2EQkU7ILEkjtbXI.137","action":"GetUpdates", "result":"DeleteReceived", "context":{"id":"31358614-d3bb-414a-ade2-1f00750aa22a", "isDeleted:":"true", "version":"1716110730585"}}
{"logTime": "0523/170101", "correlationVector":"82jKguz2EQkU7ILEkjtbXI.138","action":"GetUpdates", "result":"DeleteReceived", "context":{"id":"54c074f1-97e0-4804-91d3-29739428e5de", "isDeleted:":"true", "version":"1716110730587"}}
{"logTime": "0523/170101", "correlationVector":"82jKguz2EQkU7ILEkjtbXI.139","action":"GetUpdates", "result":"DeleteReceived", "context":{"id":"075338c1-b274-4568-af6f-c0e9efb66110", "isDeleted:":"true", "version":"1716110730588"}}
{"logTime": "0523/170101", "correlationVector":"82jKguz2EQkU7ILEkjtbXI.140","action":"GetUpdates", "result":"DeleteReceived", "context":{"id":"a030b90c-2142-4dea-b890-b46e4d74a00e", "isDeleted:":"true", "version":"1716110730589"}}
{"logTime": "0523/170101", "correlationVector":"82jKguz2EQkU7ILEkjtbXI.141","action":"GetUpdates", "result":"DeleteReceived", "context":{"id":"8c3f49eb-9d76-4d37-b0e3-6e33b3ffff68", "isDeleted:":"true", "version":"1716110730590"}}
{"logTime": "0523/170101", "correlationVector":"82jKguz2EQkU7ILEkjtbXI.142","action":"GetUpdates", "result":"DeleteReceived", "context":{"id":"3879a894-c525-4bd6-ab47-2aca1d9c1430", "isDeleted:":"true", "version":"1716110730591"}}
{"logTime": "0523/170101", "correlationVector":"82jKguz2EQkU7ILEkjtbXI.143","action":"GetUpdates", "result":"DeleteReceived", "context":{"id":"1e513af2-a707-41d2-affb-20873eacc52c", "isDeleted:":"true", "version":"1716110782634"}}
{"logTime": "0523/170101", "correlationVector":"82jKguz2EQkU7ILEkjtbXI.144","action":"GetUpdates", "result":"DeleteReceived", "context":{"id":"353ae52c-7ccc-4e49-8882-f502516030f4", "isDeleted:":"true", "version":"1716111151641"}}
{"logTime": "0523/170101", "correlationVector":"82jKguz2EQkU7ILEkjtbXI.145","action":"GetUpdates", "result":"DeleteReceived", "context":{"id":"3d611d88-1831-4be2-b471-1bf14d1f45bf", "isDeleted:":"true", "version":"1716113642070"}}
{"logTime": "0523/170101", "correlationVector":"82jKguz2EQkU7ILEkjtbXI.146","action":"GetUpdates", "result":"DeleteReceived", "context":{"id":"ff54b954-9de5-4b6d-9948-eea78f2305ba", "isDeleted:":"true", "version":"1716113642072"}}
{"logTime": "0523/170101", "correlationVector":"82jKguz2EQkU7ILEkjtbXI.147","action":"GetUpdates", "result":"DeleteReceived", "context":{"id":"6f15fd09-5c4c-4567-9f32-5ff1865e25fa", "isDeleted:":"true", "version":"1716113642073"}}
{"logTime": "0523/170101", "correlationVector":"82jKguz2EQkU7ILEkjtbXI.148","action":"GetUpdates", "result":"DeleteReceived", "context":{"id":"ec062c1e-66a6-4916-962f-41d000b5c6fc", "isDeleted:":"true", "version":"1716113642074"}}
{"logTime": "0523/170101", "correlationVector":"82jKguz2EQkU7ILEkjtbXI.149","action":"GetUpdates", "result":"DeleteReceived", "context":{"id":"121bee58-569a-421a-af42-4f28a244f5f3", "isDeleted:":"true", "version":"1716113642075"}}
{"logTime": "0523/170101", "correlationVector":"82jKguz2EQkU7ILEkjtbXI.150","action":"GetUpdates", "result":"DeleteReceived", "context":{"id":"3dc1ca25-2d30-4a6d-88c0-184ad677cf0d", "isDeleted:":"true", "version":"1716113642076"}}
{"logTime": "0523/170101", "correlationVector":"82jKguz2EQkU7ILEkjtbXI.151","action":"GetUpdates", "result":"DeleteReceived", "context":{"id":"df22e4d5-c640-4a32-a6f6-88269987eb6d", "isDeleted:":"true", "version":"1716113642077"}}
{"logTime": "0523/170101", "correlationVector":"82jKguz2EQkU7ILEkjtbXI.152","action":"GetUpdates", "result":"DeleteReceived", "context":{"id":"01a064d9-5c39-4ec4-856f-c45812a8895c", "isDeleted:":"true", "version":"1716113900911"}}
{"logTime": "0523/170101", "correlationVector":"82jKguz2EQkU7ILEkjtbXI.153","action":"GetUpdates", "result":"DeleteReceived", "context":{"id":"212b9bf9-5ed1-4720-ab1e-6f08aafbdf43", "isDeleted:":"true", "version":"1716113900913"}}
{"logTime": "0523/170101", "correlationVector":"82jKguz2EQkU7ILEkjtbXI.154","action":"GetUpdates", "result":"DeleteReceived", "context":{"id":"e7a4a47c-e2c8-4603-b447-c60f85f898db", "isDeleted:":"true", "version":"1716120406875"}}
{"logTime": "0523/170101", "correlationVector":"82jKguz2EQkU7ILEkjtbXI.155","action":"GetUpdates", "result":"DeleteReceived", "context":{"id":"4ef7b2f1-a432-4cca-bb14-da317d0cde7e", "isDeleted:":"true", "version":"1716120406876"}}
{"logTime": "0523/170101", "correlationVector":"82jKguz2EQkU7ILEkjtbXI.156","action":"GetUpdates", "result":"DeleteReceived", "context":{"id":"7b47e510-a15f-4135-9e0f-77f1235e77bb", "isDeleted:":"true", "version":"1716120406877"}}
{"logTime": "0523/170101", "correlationVector":"82jKguz2EQkU7ILEkjtbXI.157","action":"GetUpdates", "result":"DeleteReceived", "context":{"id":"cae5a32c-dc11-4396-b9a1-b59efe0f42f4", "isDeleted:":"true", "version":"1716120406878"}}
{"logTime": "0523/170101", "correlationVector":"82jKguz2EQkU7ILEkjtbXI.158","action":"GetUpdates", "result":"DeleteReceived", "context":{"id":"8d193dfa-82a5-42b6-ac73-a6a6af832e2c", "isDeleted:":"true", "version":"1716120406879"}}
{"logTime": "0523/170101", "correlationVector":"82jKguz2EQkU7ILEkjtbXI.159","action":"GetUpdates", "result":"DeleteReceived", "context":{"id":"1bfcdc64-21cf-40ce-88fe-90d6c53fa801", "isDeleted:":"true", "version":"1716120406881"}}
{"logTime": "0523/170101", "correlationVector":"82jKguz2EQkU7ILEkjtbXI.160","action":"GetUpdates", "result":"DeleteReceived", "context":{"id":"58eb135a-be3a-4428-9c2b-6fac932f339e", "isDeleted:":"true", "version":"1716120406882"}}
{"logTime": "0523/170101", "correlationVector":"82jKguz2EQkU7ILEkjtbXI.161","action":"GetUpdates", "result":"DeleteReceived", "context":{"id":"a6cc1345-a15a-454b-8d63-84d280007f84", "isDeleted:":"true", "version":"1716120521113"}}
{"logTime": "0523/170101", "correlationVector":"82jKguz2EQkU7ILEkjtbXI.162","action":"GetUpdates", "result":"DeleteReceived", "context":{"id":"c77b767c-3053-4cae-a444-5226d52c844b", "isDeleted:":"true", "version":"1716120521115"}}
{"logTime": "0523/170101", "correlationVector":"82jKguz2EQkU7ILEkjtbXI.163","action":"GetUpdates", "result":"DeleteReceived", "context":{"id":"434f4636-b46d-477b-ae7d-1a02b7b3ec10", "isDeleted:":"true", "version":"1716120521116"}}
{"logTime": "0523/170101", "correlationVector":"82jKguz2EQkU7ILEkjtbXI.164","action":"GetUpdates", "result":"DeleteReceived", "context":{"id":"ac9f04ba-17f9-4b09-a40b-4147294993c8", "isDeleted:":"true", "version":"1716120521117"}}
{"logTime": "0523/170101", "correlationVector":"82jKguz2EQkU7ILEkjtbXI.165","action":"GetUpdates", "result":"DeleteReceived", "context":{"id":"d5f73a2d-a8b3-4692-ae7f-2b806b74f995", "isDeleted:":"true", "version":"1716124349468"}}
{"logTime": "0523/170101", "correlationVector":"82jKguz2EQkU7ILEkjtbXI.166","action":"GetUpdates", "result":"DeleteReceived", "context":{"id":"c3f86aad-9b4a-4df3-a3f3-cc05cea3cdf1", "isDeleted:":"true", "version":"1716124452392"}}
{"logTime": "0523/170101", "correlationVector":"82jKguz2EQkU7ILEkjtbXI.167","action":"GetUpdates", "result":"DeleteReceived", "context":{"id":"0672933c-5cc1-41f7-a65d-fca80865e5b6", "isDeleted:":"true", "version":"1716125111939"}}
{"logTime": "0523/170101", "correlationVector":"82jKguz2EQkU7ILEkjtbXI.168","action":"GetUpdates", "result":"DeleteReceived", "context":{"id":"69c085c1-673a-4a8d-8650-10ebb38bf71e", "isDeleted:":"true", "version":"1716125522728"}}
{"logTime": "0523/170101", "correlationVector":"82jKguz2EQkU7ILEkjtbXI.169","action":"GetUpdates", "result":"DeleteReceived", "context":{"id":"91d7b117-031f-4d3e-9ff3-4c24c4406dea", "isDeleted:":"true", "version":"1716125557759"}}
{"logTime": "0523/170101", "correlationVector":"82jKguz2EQkU7ILEkjtbXI.170","action":"GetUpdates", "result":"DeleteReceived", "context":{"id":"947ed903-facf-4b98-b81a-db7654c64542", "isDeleted:":"true", "version":"1716125721341"}}
{"logTime": "0523/170101", "correlationVector":"82jKguz2EQkU7ILEkjtbXI.171","action":"GetUpdates", "result":"DeleteReceived", "context":{"id":"3f23c85c-d5c5-45a2-b9d2-0974f82c3697", "isDeleted:":"true", "version":"1716126548040"}}
{"logTime": "0523/170101", "correlationVector":"82jKguz2EQkU7ILEkjtbXI.172","action":"GetUpdates", "result":"DeleteReceived", "context":{"id":"64c8d199-9225-4155-9195-89ea4ccb2091", "isDeleted:":"true", "version":"1716127052575"}}
{"logTime": "0523/170101", "correlationVector":"82jKguz2EQkU7ILEkjtbXI.173","action":"GetUpdates", "result":"DeleteReceived", "context":{"id":"859bd1ad-e061-4c4e-8f99-1dbcbd5f6f10", "isDeleted:":"true", "version":"1716127052576"}}
{"logTime": "0523/170101", "correlationVector":"82jKguz2EQkU7ILEkjtbXI.174","action":"GetUpdates", "result":"DeleteReceived", "context":{"id":"d6d5f017-3b37-4339-9925-72c91a1aa805", "isDeleted:":"true", "version":"1716127052577"}}
{"logTime": "0523/170101", "correlationVector":"82jKguz2EQkU7ILEkjtbXI.175","action":"GetUpdates", "result":"DeleteReceived", "context":{"id":"6b9f6fd4-f3e3-4dd5-9ad7-0a54cbf2f0a4", "isDeleted:":"true", "version":"1716127052578"}}
{"logTime": "0523/170101", "correlationVector":"82jKguz2EQkU7ILEkjtbXI.176","action":"GetUpdates", "result":"DeleteReceived", "context":{"id":"18bafa87-02d9-4549-9180-922ab3efa934", "isDeleted:":"true", "version":"1716127110977"}}
{"logTime": "0523/170101", "correlationVector":"82jKguz2EQkU7ILEkjtbXI.177","action":"GetUpdates", "result":"DeleteReceived", "context":{"id":"71237309-6b75-44d1-937d-e078484f7cb7", "isDeleted:":"true", "version":"1716127853165"}}
{"logTime": "0523/170101", "correlationVector":"82jKguz2EQkU7ILEkjtbXI.178","action":"GetUpdates", "result":"DeleteReceived", "context":{"id":"11170fab-e082-478f-afc5-0e5f79ee9579", "isDeleted:":"true", "version":"1716127853167"}}
{"logTime": "0523/170101", "correlationVector":"82jKguz2EQkU7ILEkjtbXI.179","action":"GetUpdates", "result":"DeleteReceived", "context":{"id":"953f9460-fbcb-481c-9639-d142e6a97362", "isDeleted:":"true", "version":"1716243605914"}}
{"logTime": "0523/170101", "correlationVector":"82jKguz2EQkU7ILEkjtbXI.180","action":"GetUpdates", "result":"DeleteReceived", "context":{"id":"ce6bb5e8-318d-4bba-afbe-f306be3fdcff", "isDeleted:":"true", "version":"1716243890967"}}
{"logTime": "0523/170101", "correlationVector":"82jKguz2EQkU7ILEkjtbXI.181","action":"GetUpdates", "result":"DeleteReceived", "context":{"id":"e887e6e2-f43c-4600-beec-90b33efaeb0f", "isDeleted:":"true", "version":"1716243890968"}}
{"logTime": "0523/170101", "correlationVector":"82jKguz2EQkU7ILEkjtbXI.182","action":"GetUpdates", "result":"DeleteReceived", "context":{"id":"b58738d6-17ed-4a2f-9bde-313cedc99867", "isDeleted:":"true", "version":"1716243943804"}}
{"logTime": "0523/170101", "correlationVector":"82jKguz2EQkU7ILEkjtbXI.183","action":"GetUpdates", "result":"DeleteReceived", "context":{"id":"c0f6faa7-0d9a-45b4-b511-96245a044457", "isDeleted:":"true", "version":"1716246380306"}}
{"logTime": "0523/170101", "correlationVector":"82jKguz2EQkU7ILEkjtbXI.184","action":"GetUpdates", "result":"DeleteReceived", "context":{"id":"a8221fcd-d4a1-4566-804b-42906632d340", "isDeleted:":"true", "version":"1716247264407"}}
{"logTime": "0523/170101", "correlationVector":"82jKguz2EQkU7ILEkjtbXI.185","action":"GetUpdates", "result":"DeleteReceived", "context":{"id":"2dd3b001-0e65-40b5-9006-9eb764af1c2d", "isDeleted:":"true", "version":"1716261115542"}}
{"logTime": "0523/170101", "correlationVector":"82jKguz2EQkU7ILEkjtbXI.186","action":"GetUpdates", "result":"DeleteReceived", "context":{"id":"9bcf0de7-0002-45d7-bfd2-c6057465b7ce", "isDeleted:":"true", "version":"1716261115543"}}
{"logTime": "0523/170101", "correlationVector":"82jKguz2EQkU7ILEkjtbXI.187","action":"GetUpdates", "result":"DeleteReceived", "context":{"id":"c720f28e-1ca0-4c31-8270-44fbff6b0c94", "isDeleted:":"true", "version":"1716261115544"}}
{"logTime": "0523/170101", "correlationVector":"82jKguz2EQkU7ILEkjtbXI.188","action":"GetUpdates", "result":"DeleteReceived", "context":{"id":"49dbacc9-0615-477c-9e14-785af6ba3481", "isDeleted:":"true", "version":"1716261115545"}}
{"logTime": "0523/170101", "correlationVector":"82jKguz2EQkU7ILEkjtbXI.189","action":"GetUpdates", "result":"DeleteReceived", "context":{"id":"ca1d3b80-6984-49a2-a33f-bd52a1869c6d", "isDeleted:":"true", "version":"1716261115546"}}
{"logTime": "0523/170101", "correlationVector":"82jKguz2EQkU7ILEkjtbXI.190","action":"GetUpdates", "result":"DeleteReceived", "context":{"id":"72d6bb83-12bd-47fb-9347-48ba82e93a34", "isDeleted:":"true", "version":"1716261115547"}}
{"logTime": "0523/170101", "correlationVector":"82jKguz2EQkU7ILEkjtbXI.191","action":"GetUpdates", "result":"DeleteReceived", "context":{"id":"6d45966a-b04d-40b9-9480-f3f7279a6df9", "isDeleted:":"true", "version":"1716261516918"}}
{"logTime": "0523/170101", "correlationVector":"82jKguz2EQkU7ILEkjtbXI.192","action":"GetUpdates", "result":"DeleteReceived", "context":{"id":"71cf54b9-80eb-4c48-a07d-2bd13bcda77e", "isDeleted:":"true", "version":"1716262315307"}}
{"logTime": "0523/170101", "correlationVector":"82jKguz2EQkU7ILEkjtbXI.193","action":"GetUpdates", "result":"DeleteReceived", "context":{"id":"48f7475c-c5b0-4af7-bcb2-989fa51f4220", "isDeleted:":"true", "version":"1716263157860"}}
{"logTime": "0523/170101", "correlationVector":"82jKguz2EQkU7ILEkjtbXI.194","action":"GetUpdates", "result":"DeleteReceived", "context":{"id":"d75b904d-81e2-483c-a836-0900182f0f84", "isDeleted:":"true", "version":"1716267479895"}}
{"logTime": "0523/170101", "correlationVector":"82jKguz2EQkU7ILEkjtbXI.195","action":"GetUpdates", "result":"DeleteReceived", "context":{"id":"2111d242-704c-42f9-aebc-4ef29c8d313a", "isDeleted:":"true", "version":"1716267479897"}}
{"logTime": "0523/170101", "correlationVector":"82jKguz2EQkU7ILEkjtbXI.196","action":"GetUpdates", "result":"DeleteReceived", "context":{"id":"37d6f9c9-c6c8-4311-a0ba-e4646e4cfc04", "isDeleted:":"true", "version":"1716267479898"}}
{"logTime": "0523/170101", "correlationVector":"82jKguz2EQkU7ILEkjtbXI.197","action":"GetUpdates", "result":"DeleteReceived", "context":{"id":"86c8ff83-7e56-41dd-8cd3-3b00f0bbf340", "isDeleted:":"true", "version":"1716267479899"}}
{"logTime": "0523/170101", "correlationVector":"82jKguz2EQkU7ILEkjtbXI.198","action":"GetUpdates", "result":"DeleteReceived", "context":{"id":"53191590-533a-4151-aed5-d7bb032d566b", "isDeleted:":"true", "version":"1716267479900"}}
{"logTime": "0523/170101", "correlationVector":"82jKguz2EQkU7ILEkjtbXI.199","action":"GetUpdates Response", "result":"Success", "context":Received 250 update(s). cV=82jKguz2EQkU7ILEkjtbXI.0;server=GENERAL0300002G;cloudType=Consumer;environment=Prod_SoutheastAsia_000j;migrationStage=NotStarted Some updates remain.}
{"logTime": "0523/170101", "correlationVector":"awj/q+oS2HH5RDfv6U+zpn","action":"Initial GetUpdates", "result":"", "context":Reason: NEWLY_SUPPORTED_DATATYPE. cV=awj/q+oS2HH5RDfv6U+zpn}
{"logTime": "0523/170101", "correlationVector":"awj/q+oS2HH5RDfv6U+zpn.1","action":"SyncServerConnectionManagerRequest", "result":"SYNC_SERVER_OK", "context":{"environment":"Prod_SoutheastAsia_000j", "migrationStage":"NotStarted", "server":"GENERAL0300000E"}}
{"logTime": "0523/170101", "correlationVector":"awj/q+oS2HH5RDfv6U+zpn.2","action":"GetUpdates", "result":"DeleteReceived", "context":{"id":"a08e85a3-8e4e-43f8-93b0-932a9b9ba617", "isDeleted:":"true", "version":"1716267479901"}}
{"logTime": "0523/170101", "correlationVector":"awj/q+oS2HH5RDfv6U+zpn.3","action":"GetUpdates", "result":"DeleteReceived", "context":{"id":"589dbaba-ebca-42c5-8f68-77ba3d063f11", "isDeleted:":"true", "version":"1716267479902"}}
{"logTime": "0523/170101", "correlationVector":"awj/q+oS2HH5RDfv6U+zpn.4","action":"GetUpdates", "result":"DeleteReceived", "context":{"id":"3f475773-935a-491e-ba61-d02927af9891", "isDeleted:":"true", "version":"1716267479903"}}
{"logTime": "0523/170101", "correlationVector":"awj/q+oS2HH5RDfv6U+zpn.5","action":"GetUpdates", "result":"DeleteReceived", "context":{"id":"5731b98b-2e2d-4d83-85c4-89e1e2064ba5", "isDeleted:":"true", "version":"1716267696709"}}
{"logTime": "0523/170101", "correlationVector":"awj/q+oS2HH5RDfv6U+zpn.6","action":"GetUpdates", "result":"DeleteReceived", "context":{"id":"c1d05e08-f4c9-446c-8900-34b2bd107556", "isDeleted:":"true", "version":"1716270133655"}}
{"logTime": "0523/170101", "correlationVector":"awj/q+oS2HH5RDfv6U+zpn.7","action":"GetUpdates", "result":"DeleteReceived", "context":{"id":"1960d490-d81a-4e71-a07f-757193351356", "isDeleted:":"true", "version":"1716270133656"}}
{"logTime": "0523/170101", "correlationVector":"awj/q+oS2HH5RDfv6U+zpn.8","action":"GetUpdates", "result":"DeleteReceived", "context":{"id":"c129013b-977c-4466-ae5f-8c5d93779aa0", "isDeleted:":"true", "version":"1716270274843"}}
{"logTime": "0523/170101", "correlationVector":"awj/q+oS2HH5RDfv6U+zpn.9","action":"GetUpdates", "result":"DeleteReceived", "context":{"id":"d70cac70-c4fe-4fb8-bedd-855d4ff4b71b", "isDeleted:":"true", "version":"1716271525709"}}
{"logTime": "0523/170101", "correlationVector":"awj/q+oS2HH5RDfv6U+zpn.10","action":"GetUpdates", "result":"DeleteReceived", "context":{"id":"fc6142ff-5e6d-47d1-b0dc-f4731242d33e", "isDeleted:":"true", "version":"1716272302067"}}
{"logTime": "0523/170101", "correlationVector":"awj/q+oS2HH5RDfv6U+zpn.11","action":"GetUpdates", "result":"DeleteReceived", "context":{"id":"f1c98419-fc02-4b1a-b43d-df34328b8713", "isDeleted:":"true", "version":"1716273710888"}}
{"logTime": "0523/170101", "correlationVector":"awj/q+oS2HH5RDfv6U+zpn.12","action":"GetUpdates", "result":"DeleteReceived", "context":{"id":"e00d3213-798b-46fd-a8f4-d5fdb14217f2", "isDeleted:":"true", "version":"1716274208654"}}
{"logTime": "0523/170101", "correlationVector":"awj/q+oS2HH5RDfv6U+zpn.13","action":"GetUpdates", "result":"DeleteReceived", "context":{"id":"92d839b0-51dc-4cce-b492-c906e4f14ef6", "isDeleted:":"true", "version":"1716274587952"}}
{"logTime": "0523/170101", "correlationVector":"awj/q+oS2HH5RDfv6U+zpn.14","action":"GetUpdates", "result":"DeleteReceived", "context":{"id":"5070aead-4ff1-4058-8eeb-8495e88adcd4", "isDeleted:":"true", "version":"1716300661910"}}
{"logTime": "0523/170101", "correlationVector":"awj/q+oS2HH5RDfv6U+zpn.15","action":"GetUpdates", "result":"DeleteReceived", "context":{"id":"0c9bf612-9b01-4120-9d93-0df6628b6d24", "isDeleted:":"true", "version":"1716302112830"}}
{"logTime": "0523/170101", "correlationVector":"awj/q+oS2HH5RDfv6U+zpn.16","action":"GetUpdates", "result":"DeleteReceived", "context":{"id":"f98841a4-deef-4797-879a-9fa5a591b8cf", "isDeleted:":"true", "version":"1716302614202"}}
{"logTime": "0523/170101", "correlationVector":"awj/q+oS2HH5RDfv6U+zpn.17","action":"GetUpdates", "result":"DeleteReceived", "context":{"id":"13f667c7-60b9-44c7-ac29-b77ca555cfb3", "isDeleted:":"true", "version":"1716311036939"}}
{"logTime": "0523/170101", "correlationVector":"awj/q+oS2HH5RDfv6U+zpn.18","action":"GetUpdates", "result":"DeleteReceived", "context":{"id":"c04c86cb-fedd-4b6d-ba48-dffcf71e8982", "isDeleted:":"true", "version":"1716311036940"}}
{"logTime": "0523/170101", "correlationVector":"awj/q+oS2HH5RDfv6U+zpn.19","action":"GetUpdates", "result":"DeleteReceived", "context":{"id":"f5269cec-a4e4-43e4-a1ce-93c3e5a16b3c", "isDeleted:":"true", "version":"1716311036941"}}
{"logTime": "0523/170101", "correlationVector":"awj/q+oS2HH5RDfv6U+zpn.20","action":"GetUpdates", "result":"DeleteReceived", "context":{"id":"d9e61631-2a36-4009-87df-845cffafdee3", "isDeleted:":"true", "version":"1716311036942"}}
{"logTime": "0523/170101", "correlationVector":"awj/q+oS2HH5RDfv6U+zpn.21","action":"GetUpdates", "result":"DeleteReceived", "context":{"id":"5efec5a5-b373-4df3-83ac-40a8af94b352", "isDeleted:":"true", "version":"1716311361566"}}
{"logTime": "0523/170101", "correlationVector":"awj/q+oS2HH5RDfv6U+zpn.22","action":"GetUpdates", "result":"DeleteReceived", "context":{"id":"5963ae8a-bce4-4111-b148-b517b09bb41c", "isDeleted:":"true", "version":"1716311917785"}}
{"logTime": "0523/170101", "correlationVector":"awj/q+oS2HH5RDfv6U+zpn.23","action":"GetUpdates", "result":"DeleteReceived", "context":{"id":"ee5f11d5-ce31-4947-8256-a4ca2067fad2", "isDeleted:":"true", "version":"1716313426079"}}
{"logTime": "0523/170101", "correlationVector":"awj/q+oS2HH5RDfv6U+zpn.24","action":"GetUpdates", "result":"DeleteReceived", "context":{"id":"c1ea53fe-c1a4-4ade-bf48-7c4fceb536b5", "isDeleted:":"true", "version":"1716313542157"}}
{"logTime": "0523/170101", "correlationVector":"awj/q+oS2HH5RDfv6U+zpn.25","action":"GetUpdates", "result":"DeleteReceived", "context":{"id":"f9054c05-12bc-45ff-9ea0-026e72bd9d92", "isDeleted:":"true", "version":"1716314192748"}}
{"logTime": "0523/170101", "correlationVector":"awj/q+oS2HH5RDfv6U+zpn.26","action":"GetUpdates", "result":"DeleteReceived", "context":{"id":"cdec6f2f-ba06-44eb-8121-4a36166d8b83", "isDeleted:":"true", "version":"1716320341416"}}
{"logTime": "0523/170101", "correlationVector":"awj/q+oS2HH5RDfv6U+zpn.27","action":"GetUpdates", "result":"DeleteReceived", "context":{"id":"b0016bb6-b0cb-4586-a25f-0d411bfc57df", "isDeleted:":"true", "version":"1716320341418"}}
{"logTime": "0523/170101", "correlationVector":"awj/q+oS2HH5RDfv6U+zpn.28","action":"GetUpdates", "result":"DeleteReceived", "context":{"id":"0a5ec9f6-8bd4-4ddd-a579-80bebfabf5a8", "isDeleted:":"true", "version":"1716320341419"}}
{"logTime": "0523/170101", "correlationVector":"awj/q+oS2HH5RDfv6U+zpn.29","action":"GetUpdates", "result":"DeleteReceived", "context":{"id":"09baae4b-863f-4af3-8184-93340c9bf312", "isDeleted:":"true", "version":"1716320602077"}}
{"logTime": "0523/170101", "correlationVector":"awj/q+oS2HH5RDfv6U+zpn.30","action":"GetUpdates", "result":"DeleteReceived", "context":{"id":"4032695a-c903-41cf-a0a9-9e707620d96c", "isDeleted:":"true", "version":"1716352124279"}}
{"logTime": "0523/170101", "correlationVector":"awj/q+oS2HH5RDfv6U+zpn.31","action":"GetUpdates", "result":"DeleteReceived", "context":{"id":"aae5d2a9-107e-49a3-8caa-db1e09770428", "isDeleted:":"true", "version":"1716354253491"}}
{"logTime": "0523/170101", "correlationVector":"awj/q+oS2HH5RDfv6U+zpn.32","action":"GetUpdates", "result":"DeleteReceived", "context":{"id":"4a2fb95f-9e18-4d92-af29-44888db94ad7", "isDeleted:":"true", "version":"1716354312846"}}
{"logTime": "0523/170101", "correlationVector":"awj/q+oS2HH5RDfv6U+zpn.33","action":"GetUpdates", "result":"DeleteReceived", "context":{"id":"d3c06f98-ee32-4a99-9425-bf52f0daf50b", "isDeleted:":"true", "version":"1716354312847"}}
{"logTime": "0523/170101", "correlationVector":"awj/q+oS2HH5RDfv6U+zpn.34","action":"GetUpdates", "result":"DeleteReceived", "context":{"id":"1152297a-1b14-45fa-bfab-2564f511fdce", "isDeleted:":"true", "version":"1716354312848"}}
{"logTime": "0523/170101", "correlationVector":"awj/q+oS2HH5RDfv6U+zpn.35","action":"GetUpdates", "result":"DeleteReceived", "context":{"id":"83d6a17b-1303-4d8b-afc5-879eda2dea49", "isDeleted:":"true", "version":"1716362402416"}}
{"logTime": "0523/170101", "correlationVector":"awj/q+oS2HH5RDfv6U+zpn.36","action":"GetUpdates", "result":"DeleteReceived", "context":{"id":"2d2ac55e-1920-4ddf-bf9c-83a47fb46279", "isDeleted:":"true", "version":"1716367297836"}}
{"logTime": "0523/170101", "correlationVector":"awj/q+oS2HH5RDfv6U+zpn.37","action":"GetUpdates", "result":"DeleteReceived", "context":{"id":"ae677ec6-f195-45f8-9729-612b3ba3ff61", "isDeleted:":"true", "version":"1716398909185"}}
{"logTime": "0523/170101", "correlationVector":"awj/q+oS2HH5RDfv6U+zpn.38","action":"GetUpdates", "result":"DeleteReceived", "context":{"id":"aef65f4e-cea1-4488-be1d-50136640fb46", "isDeleted:":"true", "version":"1716398909187"}}
{"logTime": "0523/170101", "correlationVector":"awj/q+oS2HH5RDfv6U+zpn.39","action":"GetUpdates", "result":"DeleteReceived", "context":{"id":"f08079c4-4365-4251-8d70-bc2dbea0a1fc", "isDeleted:":"true", "version":"1716398909188"}}
{"logTime": "0523/170101", "correlationVector":"awj/q+oS2HH5RDfv6U+zpn.40","action":"GetUpdates", "result":"DeleteReceived", "context":{"id":"d52f44c5-1b85-4842-8308-6f4b83467468", "isDeleted:":"true", "version":"1716398909189"}}
{"logTime": "0523/170101", "correlationVector":"awj/q+oS2HH5RDfv6U+zpn.41","action":"GetUpdates", "result":"DeleteReceived", "context":{"id":"dd42ca1b-838d-4aa3-b533-128904ca5781", "isDeleted:":"true", "version":"1716398909190"}}
{"logTime": "0523/170101", "correlationVector":"awj/q+oS2HH5RDfv6U+zpn.42","action":"GetUpdates", "result":"DeleteReceived", "context":{"id":"bea6c408-275d-492c-a320-a864025d24f2", "isDeleted:":"true", "version":"1716398909191"}}
{"logTime": "0523/170101", "correlationVector":"awj/q+oS2HH5RDfv6U+zpn.43","action":"GetUpdates", "result":"DeleteReceived", "context":{"id":"8b7866da-9247-4ccb-a8a1-4cc5f0772a11", "isDeleted:":"true", "version":"1716400332600"}}
{"logTime": "0523/170101", "correlationVector":"awj/q+oS2HH5RDfv6U+zpn.44","action":"GetUpdates", "result":"DeleteReceived", "context":{"id":"8528e198-3a92-43dc-bcb2-b29081469eea", "isDeleted:":"true", "version":"1716401206967"}}
{"logTime": "0523/170101", "correlationVector":"awj/q+oS2HH5RDfv6U+zpn.45","action":"GetUpdates", "result":"DeleteReceived", "context":{"id":"850ec71b-c76f-400e-b308-73eb482cd9d8", "isDeleted:":"true", "version":"1716401250764"}}
{"logTime": "0523/170101", "correlationVector":"awj/q+oS2HH5RDfv6U+zpn.46","action":"GetUpdates", "result":"DeleteReceived", "context":{"id":"0754a5e2-dff0-4677-833e-91b1b7623ad3", "isDeleted:":"true", "version":"1716465648761"}}
{"logTime": "0523/170101", "correlationVector":"awj/q+oS2HH5RDfv6U+zpn.47","action":"GetUpdates", "result":"DeleteReceived", "context":{"id":"4e63f7f8-6861-419c-b96a-c1a95cfdc390", "isDeleted:":"true", "version":"1716465648763"}}
{"logTime": "0523/170101", "correlationVector":"awj/q+oS2HH5RDfv6U+zpn.48","action":"GetUpdates", "result":"DeleteReceived", "context":{"id":"1f260410-b556-41a5-a184-3ab65339cf24", "isDeleted:":"true", "version":"1716465648764"}}
{"logTime": "0523/170101", "correlationVector":"awj/q+oS2HH5RDfv6U+zpn.49","action":"GetUpdates", "result":"DeleteReceived", "context":{"id":"d46aeee8-da40-49d0-bcb9-638392ce4f5c", "isDeleted:":"true", "version":"1716465648765"}}
{"logTime": "0523/170101", "correlationVector":"awj/q+oS2HH5RDfv6U+zpn.50","action":"GetUpdates", "result":"DeleteReceived", "context":{"id":"ffd72aec-56ed-4926-9571-75e10d5b4580", "isDeleted:":"true", "version":"1716465648766"}}
{"logTime": "0523/170101", "correlationVector":"awj/q+oS2HH5RDfv6U+zpn.51","action":"GetUpdates", "result":"DeleteReceived", "context":{"id":"a6959a12-4d10-4534-93dd-7a90dc775745", "isDeleted:":"true", "version":"1716465648767"}}
{"logTime": "0523/170101", "correlationVector":"awj/q+oS2HH5RDfv6U+zpn.52","action":"GetUpdates", "result":"DeleteReceived", "context":{"id":"547402b2-961b-45fe-86b3-9180d22425a1", "isDeleted:":"true", "version":"1716467938427"}}
{"logTime": "0523/170101", "correlationVector":"awj/q+oS2HH5RDfv6U+zpn.53","action":"GetUpdates", "result":"DeleteReceived", "context":{"id":"4689e1b6-f136-49cc-a45f-27a6898a2969", "isDeleted:":"true", "version":"1716468376945"}}
{"logTime": "0523/170101", "correlationVector":"awj/q+oS2HH5RDfv6U+zpn.54","action":"GetUpdates", "result":"DeleteReceived", "context":{"id":"4136a978-038f-4b93-9214-003a4f792c47", "isDeleted:":"true", "version":"1716474915865"}}
{"logTime": "0523/170101", "correlationVector":"awj/q+oS2HH5RDfv6U+zpn.55","action":"GetUpdates", "result":"DeleteReceived", "context":{"id":"430f1ea6-f7e0-4611-8b19-33d41edc497a", "isDeleted:":"true", "version":"1716479075548"}}
{"logTime": "0523/170101", "correlationVector":"awj/q+oS2HH5RDfv6U+zpn.56","action":"GetUpdates", "result":"DeleteReceived", "context":{"id":"1bd5121d-6d21-41d5-86d3-275f20b9178d", "isDeleted:":"true", "version":"1716479075549"}}
{"logTime": "0523/170101", "correlationVector":"awj/q+oS2HH5RDfv6U+zpn.57","action":"GetUpdates", "result":"DeleteReceived", "context":{"id":"ab5334b4-6c7f-4bda-8ae4-077049441d54", "isDeleted:":"true", "version":"1716483293685"}}
{"logTime": "0523/170101", "correlationVector":"awj/q+oS2HH5RDfv6U+zpn.58","action":"GetUpdates Response", "result":"Success", "context":Received 93 update(s). cV=awj/q+oS2HH5RDfv6U+zpn.0;server=GENERAL0300000E;cloudType=Consumer;environment=Prod_SoutheastAsia_000j;migrationStage=NotStarted}
{"logTime": "0523/170101", "correlationVector":"cr5eI7j/QIu2toOuADBflw","action":"Normal GetUpdate request", "result":"", "context":cV=cr5eI7j/QIu2toOuADBflw
Nudged types: Sessions, Device Info
Refresh requested types: Bookmarks, Preferences, Passwords, Autofill Profiles, Autofill, Typed URLs, Extensions, Sessions, Extension settings, History Delete Directives, Device Info, User Consents, Send Tab To Self, Web Apps, Collection, Edge E Drop, Edge Hub App Usage, Edge Tab Group, Edge Wallet, Encryption Keys}
{"logTime": "0523/170101", "correlationVector":"cr5eI7j/QIu2toOuADBflw.1","action":"SyncServerConnectionManagerRequest", "result":"SYNC_SERVER_OK", "context":{"environment":"Prod_SoutheastAsia_000j", "migrationStage":"NotStarted", "server":"GENERAL0300000D"}}
{"logTime": "0523/170101", "correlationVector":"cr5eI7j/QIu2toOuADBflw.2","action":"GetUpdates Response", "result":"Success", "context":Received 0 update(s). cV=cr5eI7j/QIu2toOuADBflw.0;server=GENERAL0300000D;cloudType=Consumer;environment=Prod_SoutheastAsia_000j;migrationStage=NotStarted}
{"logTime": "0523/170101", "correlationVector":"CzrrDOaMsXuyLzFJz8sqbh","action":"Commit Request", "result":"", "context":Item count: 3
Contributing types: Sessions, Device Info}
{"logTime": "0523/170102", "correlationVector":"CzrrDOaMsXuyLzFJz8sqbh.1","action":"SyncServerConnectionManagerRequest", "result":"SYNC_SERVER_OK", "context":{"environment":"Prod_SoutheastAsia_000j", "migrationStage":"NotStarted", "server":"GENERAL0100000R"}}
{"logTime": "0523/170102", "correlationVector":"CzrrDOaMsXuyLzFJz8sqbh.2","action":"Commit Response", "result":"Success", "context":Result: Success. cV=CzrrDOaMsXuyLzFJz8sqbh.0;server=GENERAL0100000R;cloudType=Consumer;environment=Prod_SoutheastAsia_000j;migrationStage=NotStarted}
{"logTime": "0523/170242", "correlationVector":"vaJcrypZwKacr4iQbxt6FA.1","action":"SyncServerConnectionManagerRequest", "result":"SYNC_SERVER_OK", "context":{"environment":"Prod_SoutheastAsia_000j", "migrationStage":"NotStarted", "server":"GENERAL0300000Y"}}
{"logTime": "0523/170242", "correlationVector":"vaJcrypZwKacr4iQbxt6FA","action":"Initial GetUpdates", "result":"", "context":Reason: NEW_CLIENT. cV=vaJcrypZwKacr4iQbxt6FA}
{"logTime": "0523/170242", "correlationVector":"vaJcrypZwKacr4iQbxt6FA.2","action":"GetUpdates Response", "result":"Success", "context":Received 1 update(s). cV=vaJcrypZwKacr4iQbxt6FA.0;server=GENERAL0300000Y;cloudType=Consumer;environment=Prod_SoutheastAsia_000j;migrationStage=NotStarted}
{"logTime": "0523/170242", "correlationVector":"fVffze2GBoUoCl+2pinBzD","action":"SyncServerConnectionManagerRequest", "result":"SYNC_SERVER_OK", "context":{"environment":"", "migrationStage":"", "server":""}}
{"logTime": "0523/170242", "correlationVector":"8+JI8I5IPmuIvoRRxUcM9p","action":"Initial GetUpdates", "result":"", "context":Reason: NEWLY_SUPPORTED_DATATYPE. cV=8+JI8I5IPmuIvoRRxUcM9p}
{"logTime": "0523/170242", "correlationVector":"8+JI8I5IPmuIvoRRxUcM9p.1","action":"SyncServerConnectionManagerRequest", "result":"SYNC_SERVER_OK", "context":{"environment":"Prod_SoutheastAsia_000j", "migrationStage":"NotStarted", "server":"general0100001B"}}
{"logTime": "0523/170242", "correlationVector":"8+JI8I5IPmuIvoRRxUcM9p.2","action":"GetUpdates", "result":"DeleteReceived", "context":{"id":"9f511271-d3cb-423b-83c2-f903845186f8", "isDeleted:":"true", "version":"1706724268433"}}
{"logTime": "0523/170242", "correlationVector":"8+JI8I5IPmuIvoRRxUcM9p.3","action":"GetUpdates Response", "result":"Success", "context":Received 14 update(s). cV=8+JI8I5IPmuIvoRRxUcM9p.0;server=general0100001B;cloudType=Consumer;environment=Prod_SoutheastAsia_000j;migrationStage=NotStarted}
{"logTime": "0523/170242", "correlationVector":"M9TpxLOVUIXlZBYugheDXo","action":"Initial GetUpdates", "result":"", "context":Reason: NEWLY_SUPPORTED_DATATYPE. cV=M9TpxLOVUIXlZBYugheDXo}
{"logTime": "0523/170242", "correlationVector":"M9TpxLOVUIXlZBYugheDXo.1","action":"SyncServerConnectionManagerRequest", "result":"SYNC_SERVER_OK", "context":{"environment":"Prod_SoutheastAsia_000j", "migrationStage":"NotStarted", "server":"general0100001D"}}
{"logTime": "0523/170242", "correlationVector":"M9TpxLOVUIXlZBYugheDXo.2","action":"GetUpdates Response", "result":"Success", "context":Received 63 update(s). cV=M9TpxLOVUIXlZBYugheDXo.0;server=general0100001D;cloudType=Consumer;environment=Prod_SoutheastAsia_000j;migrationStage=NotStarted}
{"logTime": "0523/170242", "correlationVector":"mCENNS2f0oQYrAzIZ1eTpa","action":"Normal GetUpdate request", "result":"", "context":cV=mCENNS2f0oQYrAzIZ1eTpa
Nudged types: Sessions
Refresh requested types: Bookmarks, Preferences, Passwords, Autofill Profiles, Autofill, Typed URLs, Extensions, Sessions, Extension settings, History Delete Directives, Device Info, User Consents, Send Tab To Self, Web Apps, Collection, Edge E Drop, Edge Hub App Usage, Edge Tab Group, Edge Wallet, Encryption Keys}
{"logTime": "0523/170242", "correlationVector":"mCENNS2f0oQYrAzIZ1eTpa.1","action":"SyncServerConnectionManagerRequest", "result":"SYNC_SERVER_OK", "context":{"environment":"Prod_SoutheastAsia_000j", "migrationStage":"NotStarted", "server":"GENERAL01000010"}}
{"logTime": "0523/170242", "correlationVector":"mCENNS2f0oQYrAzIZ1eTpa.2","action":"GetUpdates Response", "result":"Success", "context":Received 3 update(s). cV=mCENNS2f0oQYrAzIZ1eTpa.0;server=GENERAL01000010;cloudType=Consumer;environment=Prod_SoutheastAsia_000j;migrationStage=NotStarted}
{"logTime": "0523/170242", "correlationVector":"N5W67/ucqw+LZmA3cNweYM","action":"Commit Request", "result":"", "context":Item count: 3
Contributing types: Sessions}
{"logTime": "0523/170242", "correlationVector":"N5W67/ucqw+LZmA3cNweYM.1","action":"SyncServerConnectionManagerRequest", "result":"SYNC_SERVER_OK", "context":{"environment":"Prod_SoutheastAsia_000j", "migrationStage":"NotStarted", "server":"GENERAL0100000X"}}
{"logTime": "0523/170242", "correlationVector":"N5W67/ucqw+LZmA3cNweYM.3","action":"Commit.Sessions", "result":"Success", "context":{"id":"f8f40307-b8d2-4d1d-a2b6-124dc8a6582a", "isDeleted":"true", "size":"0", "version":"1716483661979"}}
{"logTime": "0523/170242", "correlationVector":"N5W67/ucqw+LZmA3cNweYM.2","action":"Commit Response", "result":"Success", "context":Result: Success. cV=N5W67/ucqw+LZmA3cNweYM.0;server=GENERAL0100000X;cloudType=Consumer;environment=Prod_SoutheastAsia_000j;migrationStage=NotStarted}
{"logTime": "0523/170629", "correlationVector":"BbLR2GOYBcPVEFIu17guBW.1","action":"SyncServerConnectionManagerRequest", "result":"SYNC_SERVER_OK", "context":{"environment":"Prod_SoutheastAsia_000j", "migrationStage":"NotStarted", "server":"GENERAL0300000C"}}
{"logTime": "0523/170629", "correlationVector":"BbLR2GOYBcPVEFIu17guBW","action":"Initial GetUpdates", "result":"", "context":Reason: NEW_CLIENT. cV=BbLR2GOYBcPVEFIu17guBW}
{"logTime": "0523/170629", "correlationVector":"BbLR2GOYBcPVEFIu17guBW.2","action":"GetUpdates Response", "result":"Success", "context":Received 1 update(s). cV=BbLR2GOYBcPVEFIu17guBW.0;server=GENERAL0300000C;cloudType=Consumer;environment=Prod_SoutheastAsia_000j;migrationStage=NotStarted}
{"logTime": "0523/170629", "correlationVector":"X7iTY+A0mp7TwVcEGrH//i","action":"SyncServerConnectionManagerRequest", "result":"SYNC_SERVER_OK", "context":{"environment":"", "migrationStage":"", "server":""}}
{"logTime": "0523/170629", "correlationVector":"uM8B6i8cZABJyDRppi1qZj","action":"Initial GetUpdates", "result":"", "context":Reason: NEWLY_SUPPORTED_DATATYPE. cV=uM8B6i8cZABJyDRppi1qZj}
{"logTime": "0523/170629", "correlationVector":"uM8B6i8cZABJyDRppi1qZj.1","action":"SyncServerConnectionManagerRequest", "result":"SYNC_SERVER_OK", "context":{"environment":"Prod_SoutheastAsia_000j", "migrationStage":"NotStarted", "server":"GENERAL01000003"}}
{"logTime": "0523/170629", "correlationVector":"uM8B6i8cZABJyDRppi1qZj.2","action":"GetUpdates", "result":"DeleteReceived", "context":{"id":"9f511271-d3cb-423b-83c2-f903845186f8", "isDeleted:":"true", "version":"1706724268433"}}
{"logTime": "0523/170629", "correlationVector":"uM8B6i8cZABJyDRppi1qZj.3","action":"GetUpdates Response", "result":"Success", "context":Received 14 update(s). cV=uM8B6i8cZABJyDRppi1qZj.0;server=GENERAL01000003;cloudType=Consumer;environment=Prod_SoutheastAsia_000j;migrationStage=NotStarted}
{"logTime": "0523/170629", "correlationVector":"Sa7yH3PzrcgjBTinq9Qokq","action":"Initial GetUpdates", "result":"", "context":Reason: NEWLY_SUPPORTED_DATATYPE. cV=Sa7yH3PzrcgjBTinq9Qokq}
{"logTime": "0523/170629", "correlationVector":"Sa7yH3PzrcgjBTinq9Qokq.1","action":"SyncServerConnectionManagerRequest", "result":"SYNC_SERVER_OK", "context":{"environment":"Prod_SoutheastAsia_000j", "migrationStage":"NotStarted", "server":"GENERAL03000002"}}
{"logTime": "0523/170629", "correlationVector":"Sa7yH3PzrcgjBTinq9Qokq.2","action":"GetUpdates Response", "result":"Success", "context":Received 0 update(s). cV=Sa7yH3PzrcgjBTinq9Qokq.0;server=GENERAL03000002;cloudType=Consumer;environment=Prod_SoutheastAsia_000j;migrationStage=NotStarted}
{"logTime": "0523/170629", "correlationVector":"e6MlIjPMDyTchUTQuKj+7Q","action":"Normal GetUpdate request", "result":"", "context":cV=e6MlIjPMDyTchUTQuKj+7Q
Nudged types: Sessions
Refresh requested types: Bookmarks, Preferences, Passwords, Autofill Profiles, Autofill, Typed URLs, Extensions, Sessions, Extension settings, History Delete Directives, Device Info, User Consents, Send Tab To Self, Web Apps, Collection, Edge E Drop, Edge Hub App Usage, Edge Tab Group, Edge Wallet, Encryption Keys}
{"logTime": "0523/170629", "correlationVector":"e6MlIjPMDyTchUTQuKj+7Q.1","action":"SyncServerConnectionManagerRequest", "result":"SYNC_SERVER_OK", "context":{"environment":"Prod_SoutheastAsia_000j", "migrationStage":"NotStarted", "server":"GENERAL01000019"}}
{"logTime": "0523/170629", "correlationVector":"e6MlIjPMDyTchUTQuKj+7Q.2","action":"GetUpdates", "result":"DeleteReceived", "context":{"id":"f8f40307-b8d2-4d1d-a2b6-124dc8a6582a", "isDeleted:":"true", "version":"1716483761533"}}
{"logTime": "0523/170629", "correlationVector":"e6MlIjPMDyTchUTQuKj+7Q.3","action":"GetUpdates Response", "result":"Success", "context":Received 3 update(s). cV=e6MlIjPMDyTchUTQuKj+7Q.0;server=GENERAL01000019;cloudType=Consumer;environment=Prod_SoutheastAsia_000j;migrationStage=NotStarted}
{"logTime": "0523/170629", "correlationVector":"lR+zYs0NzThKwj5FtJlVd+","action":"Commit Request", "result":"", "context":Item count: 3
Contributing types: Sessions}
{"logTime": "0523/170629", "correlationVector":"lR+zYs0NzThKwj5FtJlVd+.1","action":"SyncServerConnectionManagerRequest", "result":"SYNC_SERVER_OK", "context":{"environment":"Prod_SoutheastAsia_000j", "migrationStage":"NotStarted", "server":"GENERAL03000026"}}
{"logTime": "0523/170629", "correlationVector":"lR+zYs0NzThKwj5FtJlVd+.3","action":"Commit.Sessions", "result":"Success", "context":{"id":"22fc3967-1d7a-4668-a2b7-3a322e2b438e", "isDeleted":"true", "size":"0", "version":"1716483761532"}}
{"logTime": "0523/170629", "correlationVector":"lR+zYs0NzThKwj5FtJlVd+.2","action":"Commit Response", "result":"Success", "context":Result: Success. cV=lR+zYs0NzThKwj5FtJlVd+.0;server=GENERAL03000026;cloudType=Consumer;environment=Prod_SoutheastAsia_000j;migrationStage=NotStarted}
{"logTime": "0523/192942", "correlationVector":"t8MkZ3mwiJ9dKvqeng48iu.1","action":"SyncServerConnectionManagerRequest", "result":"SYNC_SERVER_OK", "context":{"environment":"Prod_SoutheastAsia_000j", "migrationStage":"NotStarted", "server":"GENERAL03000020"}}
{"logTime": "0523/192942", "correlationVector":"t8MkZ3mwiJ9dKvqeng48iu","action":"Initial GetUpdates", "result":"", "context":Reason: NEW_CLIENT. cV=t8MkZ3mwiJ9dKvqeng48iu}
{"logTime": "0523/192942", "correlationVector":"t8MkZ3mwiJ9dKvqeng48iu.2","action":"GetUpdates Response", "result":"Success", "context":Received 1 update(s). cV=t8MkZ3mwiJ9dKvqeng48iu.0;server=GENERAL03000020;cloudType=Consumer;environment=Prod_SoutheastAsia_000j;migrationStage=NotStarted}
{"logTime": "0523/192942", "correlationVector":"DlQNwiNGXqKUktl72wdEYM","action":"Initial GetUpdates", "result":"", "context":Reason: NEWLY_SUPPORTED_DATATYPE. cV=DlQNwiNGXqKUktl72wdEYM}
{"logTime": "0523/192942", "correlationVector":"DlQNwiNGXqKUktl72wdEYM.1","action":"SyncServerConnectionManagerRequest", "result":"SYNC_SERVER_OK", "context":{"environment":"Prod_SoutheastAsia_000j", "migrationStage":"NotStarted", "server":"GENERAL0100000E"}}
{"logTime": "0523/192942", "correlationVector":"DlQNwiNGXqKUktl72wdEYM.2","action":"GetUpdates", "result":"DeleteReceived", "context":{"id":"9f511271-d3cb-423b-83c2-f903845186f8", "isDeleted:":"true", "version":"1706724268433"}}
{"logTime": "0523/192942", "correlationVector":"DlQNwiNGXqKUktl72wdEYM.3","action":"GetUpdates Response", "result":"Success", "context":Received 14 update(s). cV=DlQNwiNGXqKUktl72wdEYM.0;server=GENERAL0100000E;cloudType=Consumer;environment=Prod_SoutheastAsia_000j;migrationStage=NotStarted}
{"logTime": "0523/192942", "correlationVector":"AUL4KRuJkw/hhZFdmr3E2u","action":"Initial GetUpdates", "result":"", "context":Reason: NEWLY_SUPPORTED_DATATYPE. cV=AUL4KRuJkw/hhZFdmr3E2u}
{"logTime": "0523/192942", "correlationVector":"AUL4KRuJkw/hhZFdmr3E2u.1","action":"SyncServerConnectionManagerRequest", "result":"SYNC_SERVER_OK", "context":{"environment":"Prod_SoutheastAsia_000j", "migrationStage":"NotStarted", "server":"general01000000"}}
{"logTime": "0523/192942", "correlationVector":"AUL4KRuJkw/hhZFdmr3E2u.2","action":"GetUpdates Response", "result":"Success", "context":Received 0 update(s). cV=AUL4KRuJkw/hhZFdmr3E2u.0;server=general01000000;cloudType=Consumer;environment=Prod_SoutheastAsia_000j;migrationStage=NotStarted}
{"logTime": "0523/192942", "correlationVector":"uTXzMt61AybAESqJCQPp2x","action":"Normal GetUpdate request", "result":"", "context":cV=uTXzMt61AybAESqJCQPp2x
Nudged types: Sessions
Refresh requested types: Bookmarks, Preferences, Passwords, Autofill Profiles, Autofill, Typed URLs, Extensions, Sessions, Extension settings, History Delete Directives, Device Info, User Consents, Send Tab To Self, Web Apps, Collection, Edge E Drop, Edge Hub App Usage, Edge Tab Group, Edge Wallet, Encryption Keys}
{"logTime": "0523/192942", "correlationVector":"uTXzMt61AybAESqJCQPp2x.1","action":"SyncServerConnectionManagerRequest", "result":"SYNC_SERVER_OK", "context":{"environment":"Prod_SoutheastAsia_000j", "migrationStage":"NotStarted", "server":"GENERAL03000002"}}
{"logTime": "0523/192942", "correlationVector":"uTXzMt61AybAESqJCQPp2x.2","action":"GetUpdates", "result":"DeleteReceived", "context":{"id":"22fc3967-1d7a-4668-a2b7-3a322e2b438e", "isDeleted:":"true", "version":"1716483986814"}}
{"logTime": "0523/192942", "correlationVector":"uTXzMt61AybAESqJCQPp2x.3","action":"GetUpdates Response", "result":"Success", "context":Received 4 update(s). cV=uTXzMt61AybAESqJCQPp2x.0;server=GENERAL03000002;cloudType=Consumer;environment=Prod_SoutheastAsia_000j;migrationStage=NotStarted}
{"logTime": "0523/192942", "correlationVector":"PNmvG8VppDRxcn6aUE/KWN","action":"Commit Request", "result":"", "context":Item count: 3
Contributing types: Sessions}
{"logTime": "0523/192942", "correlationVector":"PNmvG8VppDRxcn6aUE/KWN.1","action":"SyncServerConnectionManagerRequest", "result":"SYNC_SERVER_OK", "context":{"environment":"Prod_SoutheastAsia_000j", "migrationStage":"NotStarted", "server":"GENERAL0300001I"}}
{"logTime": "0523/192942", "correlationVector":"PNmvG8VppDRxcn6aUE/KWN.3","action":"Commit.Sessions", "result":"Success", "context":{"id":"564654d8-003a-4308-bf61-4fee3c8524e3", "isDeleted":"true", "size":"0", "version":"1716483986815"}}
{"logTime": "0523/192942", "correlationVector":"PNmvG8VppDRxcn6aUE/KWN.2","action":"Commit Response", "result":"Success", "context":Result: Success. cV=PNmvG8VppDRxcn6aUE/KWN.0;server=GENERAL0300001I;cloudType=Consumer;environment=Prod_SoutheastAsia_000j;migrationStage=NotStarted}
{"logTime": "0523/194801", "correlationVector":"HRuAfePf4uLUwgiAaxhW22.1","action":"SyncServerConnectionManagerRequest", "result":"SYNC_SERVER_OK", "context":{"environment":"Prod_SoutheastAsia_000j", "migrationStage":"NotStarted", "server":"general01000000"}}
{"logTime": "0523/194801", "correlationVector":"HRuAfePf4uLUwgiAaxhW22","action":"Initial GetUpdates", "result":"", "context":Reason: NEW_CLIENT. cV=HRuAfePf4uLUwgiAaxhW22}
{"logTime": "0523/194801", "correlationVector":"HRuAfePf4uLUwgiAaxhW22.2","action":"GetUpdates Response", "result":"Success", "context":Received 1 update(s). cV=HRuAfePf4uLUwgiAaxhW22.0;server=general01000000;cloudType=Consumer;environment=Prod_SoutheastAsia_000j;migrationStage=NotStarted}
{"logTime": "0523/194801", "correlationVector":"57+4i8Bm3PMBENCxOO6n7t","action":"Initial GetUpdates", "result":"", "context":Reason: NEWLY_SUPPORTED_DATATYPE. cV=57+4i8Bm3PMBENCxOO6n7t}
{"logTime": "0523/194801", "correlationVector":"57+4i8Bm3PMBENCxOO6n7t.1","action":"SyncServerConnectionManagerRequest", "result":"SYNC_SERVER_OK", "context":{"environment":"Prod_SoutheastAsia_000j", "migrationStage":"NotStarted", "server":"general01000004"}}
{"logTime": "0523/194801", "correlationVector":"57+4i8Bm3PMBENCxOO6n7t.2","action":"GetUpdates", "result":"DeleteReceived", "context":{"id":"9f511271-d3cb-423b-83c2-f903845186f8", "isDeleted:":"true", "version":"1706724268433"}}
{"logTime": "0523/194801", "correlationVector":"57+4i8Bm3PMBENCxOO6n7t.3","action":"GetUpdates Response", "result":"Success", "context":Received 14 update(s). cV=57+4i8Bm3PMBENCxOO6n7t.0;server=general01000004;cloudType=Consumer;environment=Prod_SoutheastAsia_000j;migrationStage=NotStarted}
{"logTime": "0523/194801", "correlationVector":"zXcntUE8NDYsBjCpH1rmt/","action":"Initial GetUpdates", "result":"", "context":Reason: NEWLY_SUPPORTED_DATATYPE. cV=zXcntUE8NDYsBjCpH1rmt/}
{"logTime": "0523/194801", "correlationVector":"zXcntUE8NDYsBjCpH1rmt/.1","action":"SyncServerConnectionManagerRequest", "result":"SYNC_SERVER_OK", "context":{"environment":"Prod_SoutheastAsia_000j", "migrationStage":"NotStarted", "server":"GENERAL0100000F"}}
{"logTime": "0523/194801", "correlationVector":"zXcntUE8NDYsBjCpH1rmt/.2","action":"GetUpdates Response", "result":"Success", "context":Received 0 update(s). cV=zXcntUE8NDYsBjCpH1rmt/.0;server=GENERAL0100000F;cloudType=Consumer;environment=Prod_SoutheastAsia_000j;migrationStage=NotStarted}
{"logTime": "0523/194801", "correlationVector":"MOqPMnuQQpVsPXkk+rX3wu","action":"Normal GetUpdate request", "result":"", "context":cV=MOqPMnuQQpVsPXkk+rX3wu
Nudged types: Sessions
Refresh requested types: Bookmarks, Preferences, Passwords, Autofill Profiles, Autofill, Typed URLs, Extensions, Sessions, Extension settings, History Delete Directives, Device Info, User Consents, Send Tab To Self, Web Apps, Collection, Edge E Drop, Edge Hub App Usage, Edge Tab Group, Edge Wallet, Encryption Keys}
{"logTime": "0523/194801", "correlationVector":"MOqPMnuQQpVsPXkk+rX3wu.1","action":"SyncServerConnectionManagerRequest", "result":"SYNC_SERVER_OK", "context":{"environment":"Prod_SoutheastAsia_000j", "migrationStage":"NotStarted", "server":"GENERAL0100001E"}}
{"logTime": "0523/194801", "correlationVector":"MOqPMnuQQpVsPXkk+rX3wu.2","action":"GetUpdates", "result":"DeleteReceived", "context":{"id":"564654d8-003a-4308-bf61-4fee3c8524e3", "isDeleted:":"true", "version":"1716492576709"}}
{"logTime": "0523/194801", "correlationVector":"MOqPMnuQQpVsPXkk+rX3wu.3","action":"GetUpdates", "result":"DeleteReceived", "context":{"id":"5f54a95c-7695-4212-8a5c-7cdb5fc2c24f", "isDeleted:":"true", "version":"1716492619714"}}
{"logTime": "0523/194801", "correlationVector":"MOqPMnuQQpVsPXkk+rX3wu.4","action":"GetUpdates Response", "result":"Success", "context":Received 10 update(s). cV=MOqPMnuQQpVsPXkk+rX3wu.0;server=GENERAL0100001E;cloudType=Consumer;environment=Prod_SoutheastAsia_000j;migrationStage=NotStarted}
{"logTime": "0523/194801", "correlationVector":"efRx3xAzTnedWMWHczE2ww","action":"Commit Request", "result":"", "context":Item count: 3
Contributing types: Sessions}
{"logTime": "0523/194801", "correlationVector":"efRx3xAzTnedWMWHczE2ww.1","action":"SyncServerConnectionManagerRequest", "result":"SYNC_SERVER_OK", "context":{"environment":"Prod_SoutheastAsia_000j", "migrationStage":"NotStarted", "server":"GENERAL01000012"}}
{"logTime": "0523/194801", "correlationVector":"efRx3xAzTnedWMWHczE2ww.3","action":"Commit.Sessions", "result":"Success", "context":{"id":"88535f5c-230a-41cb-8abb-f385a1ba50b4", "isDeleted":"true", "size":"0", "version":"1716492576708"}}
{"logTime": "0523/194801", "correlationVector":"efRx3xAzTnedWMWHczE2ww.2","action":"Commit Response", "result":"Success", "context":Result: Success. cV=efRx3xAzTnedWMWHczE2ww.0;server=GENERAL01000012;cloudType=Consumer;environment=Prod_SoutheastAsia_000j;migrationStage=NotStarted}
